Classic Timing Analyzer report for lab4
Mon Oct 07 12:42:32 2013
Quartus II Version 9.1 Build 222 10/21/2009 SJ Web Edition


---------------------
; Table of Contents ;
---------------------
  1. Legal Notice
  2. Timing Analyzer Summary
  3. Timing Analyzer Settings
  4. Clock Settings Summary
  5. Clock Setup: 'clk'
  6. tsu
  7. tco
  8. tpd
  9. th
 10. Timing Analyzer Messages



----------------
; Legal Notice ;
----------------
Copyright (C) 1991-2009 Altera Corporation
Your use of Altera Corporation's design tools, logic functions 
and other software and tools, and its AMPP partner logic 
functions, and any output files from any of the foregoing 
(including device programming or simulation files), and any 
associated documentation or information are expressly subject 
to the terms and conditions of the Altera Program License 
Subscription Agreement, Altera MegaCore Function License 
Agreement, or other applicable license agreement, including, 
without limitation, that your use is for the sole purpose of 
programming logic devices manufactured by Altera and sold by 
Altera or its authorized distributors.  Please refer to the 
applicable agreement for further details.



+--------------------------------------------------------------------------------------------------------------------------------------------------------------------------------------------------------------------------------------------------------------------------------------------------------+
; Timing Analyzer Summary                                                                                                                                                                                                                                                                                ;
+------------------------------+-------+---------------+----------------------------------+--------------------------------------------------------------------+--------------------------------------------------------------------------------------------------+------------+----------+--------------+
; Type                         ; Slack ; Required Time ; Actual Time                      ; From                                                               ; To                                                                                               ; From Clock ; To Clock ; Failed Paths ;
+------------------------------+-------+---------------+----------------------------------+--------------------------------------------------------------------+--------------------------------------------------------------------------------------------------+------------+----------+--------------+
; Worst-case tsu               ; N/A   ; None          ; 0.071 ns                         ; MemoryData[0]                                                      ; CommandHandler:inst2|lpm_tff1:inst|lpm_ff:lpm_ff_component|dffs[0]                               ; --         ; clk      ; 0            ;
; Worst-case tco               ; N/A   ; None          ; 11.240 ns                        ; CommandHandler:inst2|lpm_tff1:inst|lpm_ff:lpm_ff_component|dffs[7] ; TestCommand[7]                                                                                   ; clk        ; --       ; 0            ;
; Worst-case tpd               ; N/A   ; None          ; 7.367 ns                         ; RonIN[0]                                                           ; MemoryDataOut[0]                                                                                 ; --         ; --       ; 0            ;
; Worst-case th                ; N/A   ; None          ; 1.116 ns                         ; MemoryData[3]                                                      ; CommandHandler:inst2|lpm_tff1:inst|lpm_ff:lpm_ff_component|dffs[3]                               ; --         ; clk      ; 0            ;
; Clock Setup: 'clk'           ; N/A   ; None          ; 186.29 MHz ( period = 5.368 ns ) ; CommandHandler:inst2|lpm_tff1:inst|lpm_ff:lpm_ff_component|dffs[0] ; IPreg:inst|lpm_counter3:inst|lpm_counter:lpm_counter_component|cntr_n9j:auto_generated|safe_q[0] ; clk        ; clk      ; 0            ;
; Total number of failed paths ;       ;               ;                                  ;                                                                    ;                                                                                                  ;            ;          ; 0            ;
+------------------------------+-------+---------------+----------------------------------+--------------------------------------------------------------------+--------------------------------------------------------------------------------------------------+------------+----------+--------------+


+-----------------------------------------------------------------------------------------------------------------------------------------------------+
; Timing Analyzer Settings                                                                                                                            ;
+------------------------------------------------------------------------------------------------------+--------------------+------+----+-------------+
; Option                                                                                               ; Setting            ; From ; To ; Entity Name ;
+------------------------------------------------------------------------------------------------------+--------------------+------+----+-------------+
; Device Name                                                                                          ; EP2S15F484C3       ;      ;    ;             ;
; Timing Models                                                                                        ; Final              ;      ;    ;             ;
; Default hold multicycle                                                                              ; Same as Multicycle ;      ;    ;             ;
; Cut paths between unrelated clock domains                                                            ; On                 ;      ;    ;             ;
; Cut off read during write signal paths                                                               ; On                 ;      ;    ;             ;
; Cut off feedback from I/O pins                                                                       ; On                 ;      ;    ;             ;
; Report Combined Fast/Slow Timing                                                                     ; Off                ;      ;    ;             ;
; Ignore Clock Settings                                                                                ; Off                ;      ;    ;             ;
; Analyze latches as synchronous elements                                                              ; On                 ;      ;    ;             ;
; Enable Recovery/Removal analysis                                                                     ; Off                ;      ;    ;             ;
; Enable Clock Latency                                                                                 ; Off                ;      ;    ;             ;
; Use TimeQuest Timing Analyzer                                                                        ; Off                ;      ;    ;             ;
; Number of source nodes to report per destination node                                                ; 10                 ;      ;    ;             ;
; Number of destination nodes to report                                                                ; 10                 ;      ;    ;             ;
; Number of paths to report                                                                            ; 200                ;      ;    ;             ;
; Report Minimum Timing Checks                                                                         ; Off                ;      ;    ;             ;
; Use Fast Timing Models                                                                               ; Off                ;      ;    ;             ;
; Report IO Paths Separately                                                                           ; Off                ;      ;    ;             ;
; Perform Multicorner Analysis                                                                         ; On                 ;      ;    ;             ;
; Reports the worst-case path for each clock domain and analysis                                       ; Off                ;      ;    ;             ;
; Reports worst-case timing paths for each clock domain and analysis                                   ; Off                ;      ;    ;             ;
; Specifies the maximum number of worst-case timing paths to report for each clock domain and analysis ; 100                ;      ;    ;             ;
; Removes common clock path pessimism (CCPP) during slack computation                                  ; Off                ;      ;    ;             ;
; Output I/O Timing Endpoint                                                                           ; Near End           ;      ;    ;             ;
+------------------------------------------------------------------------------------------------------+--------------------+------+----+-------------+


+------------------------------------------------------------------------------------------------------------------------------------------------------------------------------------+
; Clock Settings Summary                                                                                                                                                             ;
+-----------------+--------------------+----------+------------------+---------------+--------------+----------+-----------------------+---------------------+--------+--------------+
; Clock Node Name ; Clock Setting Name ; Type     ; Fmax Requirement ; Early Latency ; Late Latency ; Based on ; Multiply Base Fmax by ; Divide Base Fmax by ; Offset ; Phase offset ;
+-----------------+--------------------+----------+------------------+---------------+--------------+----------+-----------------------+---------------------+--------+--------------+
; clk             ;                    ; User Pin ; None             ; 0.000 ns      ; 0.000 ns     ; --       ; N/A                   ; N/A                 ; N/A    ;              ;
+-----------------+--------------------+----------+------------------+---------------+--------------+----------+-----------------------+---------------------+--------+--------------+


+--------------------------------------------------------------------------------------------------------------------------------------------------------------------------------------------------------------------------------------------------------------------------------------------------------------------------------------------------------------------------------------+
; Clock Setup: 'clk'                                                                                                                                                                                                                                                                                                                                                                   ;
+-------+------------------------------------------------+--------------------------------------------------------------------------------------------------------+--------------------------------------------------------------------------------------------------------+------------+----------+-----------------------------+---------------------------+-------------------------+
; Slack ; Actual fmax (period)                           ; From                                                                                                   ; To                                                                                                     ; From Clock ; To Clock ; Required Setup Relationship ; Required Longest P2P Time ; Actual Longest P2P Time ;
+-------+------------------------------------------------+--------------------------------------------------------------------------------------------------------+--------------------------------------------------------------------------------------------------------+------------+----------+-----------------------------+---------------------------+-------------------------+
; N/A   ; 186.29 MHz ( period = 5.368 ns )               ; CommandHandler:inst2|lpm_tff1:inst|lpm_ff:lpm_ff_component|dffs[0]                                     ; IPreg:inst|lpm_counter3:inst|lpm_counter:lpm_counter_component|cntr_n9j:auto_generated|safe_q[7]       ; clk        ; clk      ; None                        ; None                      ; 1.592 ns                ;
; N/A   ; 186.29 MHz ( period = 5.368 ns )               ; CommandHandler:inst2|lpm_tff1:inst|lpm_ff:lpm_ff_component|dffs[0]                                     ; IPreg:inst|lpm_counter3:inst|lpm_counter:lpm_counter_component|cntr_n9j:auto_generated|safe_q[6]       ; clk        ; clk      ; None                        ; None                      ; 1.592 ns                ;
; N/A   ; 186.29 MHz ( period = 5.368 ns )               ; CommandHandler:inst2|lpm_tff1:inst|lpm_ff:lpm_ff_component|dffs[0]                                     ; IPreg:inst|lpm_counter3:inst|lpm_counter:lpm_counter_component|cntr_n9j:auto_generated|safe_q[5]       ; clk        ; clk      ; None                        ; None                      ; 1.592 ns                ;
; N/A   ; 186.29 MHz ( period = 5.368 ns )               ; CommandHandler:inst2|lpm_tff1:inst|lpm_ff:lpm_ff_component|dffs[0]                                     ; IPreg:inst|lpm_counter3:inst|lpm_counter:lpm_counter_component|cntr_n9j:auto_generated|safe_q[4]       ; clk        ; clk      ; None                        ; None                      ; 1.592 ns                ;
; N/A   ; 186.29 MHz ( period = 5.368 ns )               ; CommandHandler:inst2|lpm_tff1:inst|lpm_ff:lpm_ff_component|dffs[0]                                     ; IPreg:inst|lpm_counter3:inst|lpm_counter:lpm_counter_component|cntr_n9j:auto_generated|safe_q[3]       ; clk        ; clk      ; None                        ; None                      ; 1.592 ns                ;
; N/A   ; 186.29 MHz ( period = 5.368 ns )               ; CommandHandler:inst2|lpm_tff1:inst|lpm_ff:lpm_ff_component|dffs[0]                                     ; IPreg:inst|lpm_counter3:inst|lpm_counter:lpm_counter_component|cntr_n9j:auto_generated|safe_q[2]       ; clk        ; clk      ; None                        ; None                      ; 1.592 ns                ;
; N/A   ; 186.29 MHz ( period = 5.368 ns )               ; CommandHandler:inst2|lpm_tff1:inst|lpm_ff:lpm_ff_component|dffs[0]                                     ; IPreg:inst|lpm_counter3:inst|lpm_counter:lpm_counter_component|cntr_n9j:auto_generated|safe_q[1]       ; clk        ; clk      ; None                        ; None                      ; 1.592 ns                ;
; N/A   ; 186.29 MHz ( period = 5.368 ns )               ; CommandHandler:inst2|lpm_tff1:inst|lpm_ff:lpm_ff_component|dffs[0]                                     ; IPreg:inst|lpm_counter3:inst|lpm_counter:lpm_counter_component|cntr_n9j:auto_generated|safe_q[0]       ; clk        ; clk      ; None                        ; None                      ; 1.592 ns                ;
; N/A   ; 191.61 MHz ( period = 5.219 ns )               ; CommandHandler:inst2|lpm_tff1:inst|lpm_ff:lpm_ff_component|dffs[1]                                     ; IPreg:inst|lpm_counter3:inst|lpm_counter:lpm_counter_component|cntr_n9j:auto_generated|safe_q[7]       ; clk        ; clk      ; None                        ; None                      ; 1.443 ns                ;
; N/A   ; 191.61 MHz ( period = 5.219 ns )               ; CommandHandler:inst2|lpm_tff1:inst|lpm_ff:lpm_ff_component|dffs[1]                                     ; IPreg:inst|lpm_counter3:inst|lpm_counter:lpm_counter_component|cntr_n9j:auto_generated|safe_q[6]       ; clk        ; clk      ; None                        ; None                      ; 1.443 ns                ;
; N/A   ; 191.61 MHz ( period = 5.219 ns )               ; CommandHandler:inst2|lpm_tff1:inst|lpm_ff:lpm_ff_component|dffs[1]                                     ; IPreg:inst|lpm_counter3:inst|lpm_counter:lpm_counter_component|cntr_n9j:auto_generated|safe_q[5]       ; clk        ; clk      ; None                        ; None                      ; 1.443 ns                ;
; N/A   ; 191.61 MHz ( period = 5.219 ns )               ; CommandHandler:inst2|lpm_tff1:inst|lpm_ff:lpm_ff_component|dffs[1]                                     ; IPreg:inst|lpm_counter3:inst|lpm_counter:lpm_counter_component|cntr_n9j:auto_generated|safe_q[4]       ; clk        ; clk      ; None                        ; None                      ; 1.443 ns                ;
; N/A   ; 191.61 MHz ( period = 5.219 ns )               ; CommandHandler:inst2|lpm_tff1:inst|lpm_ff:lpm_ff_component|dffs[1]                                     ; IPreg:inst|lpm_counter3:inst|lpm_counter:lpm_counter_component|cntr_n9j:auto_generated|safe_q[3]       ; clk        ; clk      ; None                        ; None                      ; 1.443 ns                ;
; N/A   ; 191.61 MHz ( period = 5.219 ns )               ; CommandHandler:inst2|lpm_tff1:inst|lpm_ff:lpm_ff_component|dffs[1]                                     ; IPreg:inst|lpm_counter3:inst|lpm_counter:lpm_counter_component|cntr_n9j:auto_generated|safe_q[2]       ; clk        ; clk      ; None                        ; None                      ; 1.443 ns                ;
; N/A   ; 191.61 MHz ( period = 5.219 ns )               ; CommandHandler:inst2|lpm_tff1:inst|lpm_ff:lpm_ff_component|dffs[1]                                     ; IPreg:inst|lpm_counter3:inst|lpm_counter:lpm_counter_component|cntr_n9j:auto_generated|safe_q[1]       ; clk        ; clk      ; None                        ; None                      ; 1.443 ns                ;
; N/A   ; 191.61 MHz ( period = 5.219 ns )               ; CommandHandler:inst2|lpm_tff1:inst|lpm_ff:lpm_ff_component|dffs[1]                                     ; IPreg:inst|lpm_counter3:inst|lpm_counter:lpm_counter_component|cntr_n9j:auto_generated|safe_q[0]       ; clk        ; clk      ; None                        ; None                      ; 1.443 ns                ;
; N/A   ; 192.53 MHz ( period = 5.194 ns )               ; CommandHandler:inst2|lpm_tff1:inst|lpm_ff:lpm_ff_component|dffs[2]                                     ; IPreg:inst|lpm_counter3:inst|lpm_counter:lpm_counter_component|cntr_n9j:auto_generated|safe_q[7]       ; clk        ; clk      ; None                        ; None                      ; 1.418 ns                ;
; N/A   ; 192.53 MHz ( period = 5.194 ns )               ; CommandHandler:inst2|lpm_tff1:inst|lpm_ff:lpm_ff_component|dffs[2]                                     ; IPreg:inst|lpm_counter3:inst|lpm_counter:lpm_counter_component|cntr_n9j:auto_generated|safe_q[6]       ; clk        ; clk      ; None                        ; None                      ; 1.418 ns                ;
; N/A   ; 192.53 MHz ( period = 5.194 ns )               ; CommandHandler:inst2|lpm_tff1:inst|lpm_ff:lpm_ff_component|dffs[2]                                     ; IPreg:inst|lpm_counter3:inst|lpm_counter:lpm_counter_component|cntr_n9j:auto_generated|safe_q[5]       ; clk        ; clk      ; None                        ; None                      ; 1.418 ns                ;
; N/A   ; 192.53 MHz ( period = 5.194 ns )               ; CommandHandler:inst2|lpm_tff1:inst|lpm_ff:lpm_ff_component|dffs[2]                                     ; IPreg:inst|lpm_counter3:inst|lpm_counter:lpm_counter_component|cntr_n9j:auto_generated|safe_q[4]       ; clk        ; clk      ; None                        ; None                      ; 1.418 ns                ;
; N/A   ; 192.53 MHz ( period = 5.194 ns )               ; CommandHandler:inst2|lpm_tff1:inst|lpm_ff:lpm_ff_component|dffs[2]                                     ; IPreg:inst|lpm_counter3:inst|lpm_counter:lpm_counter_component|cntr_n9j:auto_generated|safe_q[3]       ; clk        ; clk      ; None                        ; None                      ; 1.418 ns                ;
; N/A   ; 192.53 MHz ( period = 5.194 ns )               ; CommandHandler:inst2|lpm_tff1:inst|lpm_ff:lpm_ff_component|dffs[2]                                     ; IPreg:inst|lpm_counter3:inst|lpm_counter:lpm_counter_component|cntr_n9j:auto_generated|safe_q[2]       ; clk        ; clk      ; None                        ; None                      ; 1.418 ns                ;
; N/A   ; 192.53 MHz ( period = 5.194 ns )               ; CommandHandler:inst2|lpm_tff1:inst|lpm_ff:lpm_ff_component|dffs[2]                                     ; IPreg:inst|lpm_counter3:inst|lpm_counter:lpm_counter_component|cntr_n9j:auto_generated|safe_q[1]       ; clk        ; clk      ; None                        ; None                      ; 1.418 ns                ;
; N/A   ; 192.53 MHz ( period = 5.194 ns )               ; CommandHandler:inst2|lpm_tff1:inst|lpm_ff:lpm_ff_component|dffs[2]                                     ; IPreg:inst|lpm_counter3:inst|lpm_counter:lpm_counter_component|cntr_n9j:auto_generated|safe_q[0]       ; clk        ; clk      ; None                        ; None                      ; 1.418 ns                ;
; N/A   ; 228.57 MHz ( period = 4.375 ns )               ; CommandHandler:inst2|lpm_tff1:inst6|lpm_ff:lpm_ff_component|dffs[4]                                    ; IPreg:inst|lpm_counter3:inst|lpm_counter:lpm_counter_component|cntr_n9j:auto_generated|safe_q[4]       ; clk        ; clk      ; None                        ; None                      ; 0.617 ns                ;
; N/A   ; 228.73 MHz ( period = 4.372 ns )               ; CommandHandler:inst2|lpm_tff1:inst6|lpm_ff:lpm_ff_component|dffs[5]                                    ; IPreg:inst|lpm_counter3:inst|lpm_counter:lpm_counter_component|cntr_n9j:auto_generated|safe_q[5]       ; clk        ; clk      ; None                        ; None                      ; 0.614 ns                ;
; N/A   ; 228.78 MHz ( period = 4.371 ns )               ; CommandHandler:inst2|lpm_tff1:inst6|lpm_ff:lpm_ff_component|dffs[3]                                    ; IPreg:inst|lpm_counter3:inst|lpm_counter:lpm_counter_component|cntr_n9j:auto_generated|safe_q[3]       ; clk        ; clk      ; None                        ; None                      ; 0.613 ns                ;
; N/A   ; 229.04 MHz ( period = 4.366 ns )               ; CommandHandler:inst2|lpm_tff1:inst6|lpm_ff:lpm_ff_component|dffs[1]                                    ; IPreg:inst|lpm_counter3:inst|lpm_counter:lpm_counter_component|cntr_n9j:auto_generated|safe_q[1]       ; clk        ; clk      ; None                        ; None                      ; 0.608 ns                ;
; N/A   ; 229.25 MHz ( period = 4.362 ns )               ; CommandHandler:inst2|lpm_tff1:inst6|lpm_ff:lpm_ff_component|dffs[7]                                    ; IPreg:inst|lpm_counter3:inst|lpm_counter:lpm_counter_component|cntr_n9j:auto_generated|safe_q[7]       ; clk        ; clk      ; None                        ; None                      ; 0.604 ns                ;
; N/A   ; 229.25 MHz ( period = 4.362 ns )               ; CommandHandler:inst2|lpm_tff1:inst6|lpm_ff:lpm_ff_component|dffs[0]                                    ; IPreg:inst|lpm_counter3:inst|lpm_counter:lpm_counter_component|cntr_n9j:auto_generated|safe_q[0]       ; clk        ; clk      ; None                        ; None                      ; 0.604 ns                ;
; N/A   ; 229.46 MHz ( period = 4.358 ns )               ; CommandHandler:inst2|lpm_tff1:inst6|lpm_ff:lpm_ff_component|dffs[2]                                    ; IPreg:inst|lpm_counter3:inst|lpm_counter:lpm_counter_component|cntr_n9j:auto_generated|safe_q[2]       ; clk        ; clk      ; None                        ; None                      ; 0.600 ns                ;
; N/A   ; 233.37 MHz ( period = 4.285 ns )               ; CommandHandler:inst2|lpm_tff1:inst6|lpm_ff:lpm_ff_component|dffs[6]                                    ; IPreg:inst|lpm_counter3:inst|lpm_counter:lpm_counter_component|cntr_n9j:auto_generated|safe_q[6]       ; clk        ; clk      ; None                        ; None                      ; 0.525 ns                ;
; N/A   ; 245.16 MHz ( period = 4.079 ns )               ; ClkRouter:inst1|lpm_decode1:inst|lpm_decode:lpm_decode_component|decode_h5h:auto_generated|dffe1a[0]   ; IPreg:inst|lpm_counter3:inst|lpm_counter:lpm_counter_component|cntr_n9j:auto_generated|safe_q[7]       ; clk        ; clk      ; None                        ; None                      ; 3.274 ns                ;
; N/A   ; 245.16 MHz ( period = 4.079 ns )               ; ClkRouter:inst1|lpm_decode1:inst|lpm_decode:lpm_decode_component|decode_h5h:auto_generated|dffe1a[0]   ; IPreg:inst|lpm_counter3:inst|lpm_counter:lpm_counter_component|cntr_n9j:auto_generated|safe_q[6]       ; clk        ; clk      ; None                        ; None                      ; 3.274 ns                ;
; N/A   ; 245.16 MHz ( period = 4.079 ns )               ; ClkRouter:inst1|lpm_decode1:inst|lpm_decode:lpm_decode_component|decode_h5h:auto_generated|dffe1a[0]   ; IPreg:inst|lpm_counter3:inst|lpm_counter:lpm_counter_component|cntr_n9j:auto_generated|safe_q[5]       ; clk        ; clk      ; None                        ; None                      ; 3.274 ns                ;
; N/A   ; 245.16 MHz ( period = 4.079 ns )               ; ClkRouter:inst1|lpm_decode1:inst|lpm_decode:lpm_decode_component|decode_h5h:auto_generated|dffe1a[0]   ; IPreg:inst|lpm_counter3:inst|lpm_counter:lpm_counter_component|cntr_n9j:auto_generated|safe_q[4]       ; clk        ; clk      ; None                        ; None                      ; 3.274 ns                ;
; N/A   ; 245.16 MHz ( period = 4.079 ns )               ; ClkRouter:inst1|lpm_decode1:inst|lpm_decode:lpm_decode_component|decode_h5h:auto_generated|dffe1a[0]   ; IPreg:inst|lpm_counter3:inst|lpm_counter:lpm_counter_component|cntr_n9j:auto_generated|safe_q[3]       ; clk        ; clk      ; None                        ; None                      ; 3.274 ns                ;
; N/A   ; 245.16 MHz ( period = 4.079 ns )               ; ClkRouter:inst1|lpm_decode1:inst|lpm_decode:lpm_decode_component|decode_h5h:auto_generated|dffe1a[0]   ; IPreg:inst|lpm_counter3:inst|lpm_counter:lpm_counter_component|cntr_n9j:auto_generated|safe_q[2]       ; clk        ; clk      ; None                        ; None                      ; 3.274 ns                ;
; N/A   ; 245.16 MHz ( period = 4.079 ns )               ; ClkRouter:inst1|lpm_decode1:inst|lpm_decode:lpm_decode_component|decode_h5h:auto_generated|dffe1a[0]   ; IPreg:inst|lpm_counter3:inst|lpm_counter:lpm_counter_component|cntr_n9j:auto_generated|safe_q[1]       ; clk        ; clk      ; None                        ; None                      ; 3.274 ns                ;
; N/A   ; 245.16 MHz ( period = 4.079 ns )               ; ClkRouter:inst1|lpm_decode1:inst|lpm_decode:lpm_decode_component|decode_h5h:auto_generated|dffe1a[0]   ; IPreg:inst|lpm_counter3:inst|lpm_counter:lpm_counter_component|cntr_n9j:auto_generated|safe_q[0]       ; clk        ; clk      ; None                        ; None                      ; 3.274 ns                ;
; N/A   ; 270.34 MHz ( period = 3.699 ns )               ; ClkRouter:inst1|lpm_decode1:inst|lpm_decode:lpm_decode_component|decode_h5h:auto_generated|dffe1a[1]   ; IPreg:inst|lpm_counter3:inst|lpm_counter:lpm_counter_component|cntr_n9j:auto_generated|safe_q[7]       ; clk        ; clk      ; None                        ; None                      ; 2.894 ns                ;
; N/A   ; 270.34 MHz ( period = 3.699 ns )               ; ClkRouter:inst1|lpm_decode1:inst|lpm_decode:lpm_decode_component|decode_h5h:auto_generated|dffe1a[1]   ; IPreg:inst|lpm_counter3:inst|lpm_counter:lpm_counter_component|cntr_n9j:auto_generated|safe_q[6]       ; clk        ; clk      ; None                        ; None                      ; 2.894 ns                ;
; N/A   ; 270.34 MHz ( period = 3.699 ns )               ; ClkRouter:inst1|lpm_decode1:inst|lpm_decode:lpm_decode_component|decode_h5h:auto_generated|dffe1a[1]   ; IPreg:inst|lpm_counter3:inst|lpm_counter:lpm_counter_component|cntr_n9j:auto_generated|safe_q[5]       ; clk        ; clk      ; None                        ; None                      ; 2.894 ns                ;
; N/A   ; 270.34 MHz ( period = 3.699 ns )               ; ClkRouter:inst1|lpm_decode1:inst|lpm_decode:lpm_decode_component|decode_h5h:auto_generated|dffe1a[1]   ; IPreg:inst|lpm_counter3:inst|lpm_counter:lpm_counter_component|cntr_n9j:auto_generated|safe_q[4]       ; clk        ; clk      ; None                        ; None                      ; 2.894 ns                ;
; N/A   ; 270.34 MHz ( period = 3.699 ns )               ; ClkRouter:inst1|lpm_decode1:inst|lpm_decode:lpm_decode_component|decode_h5h:auto_generated|dffe1a[1]   ; IPreg:inst|lpm_counter3:inst|lpm_counter:lpm_counter_component|cntr_n9j:auto_generated|safe_q[3]       ; clk        ; clk      ; None                        ; None                      ; 2.894 ns                ;
; N/A   ; 270.34 MHz ( period = 3.699 ns )               ; ClkRouter:inst1|lpm_decode1:inst|lpm_decode:lpm_decode_component|decode_h5h:auto_generated|dffe1a[1]   ; IPreg:inst|lpm_counter3:inst|lpm_counter:lpm_counter_component|cntr_n9j:auto_generated|safe_q[2]       ; clk        ; clk      ; None                        ; None                      ; 2.894 ns                ;
; N/A   ; 270.34 MHz ( period = 3.699 ns )               ; ClkRouter:inst1|lpm_decode1:inst|lpm_decode:lpm_decode_component|decode_h5h:auto_generated|dffe1a[1]   ; IPreg:inst|lpm_counter3:inst|lpm_counter:lpm_counter_component|cntr_n9j:auto_generated|safe_q[1]       ; clk        ; clk      ; None                        ; None                      ; 2.894 ns                ;
; N/A   ; 270.34 MHz ( period = 3.699 ns )               ; ClkRouter:inst1|lpm_decode1:inst|lpm_decode:lpm_decode_component|decode_h5h:auto_generated|dffe1a[1]   ; IPreg:inst|lpm_counter3:inst|lpm_counter:lpm_counter_component|cntr_n9j:auto_generated|safe_q[0]       ; clk        ; clk      ; None                        ; None                      ; 2.894 ns                ;
; N/A   ; Restricted to 500.00 MHz ( period = 2.000 ns ) ; ClkRouter:inst1|lpm_decode1:inst|lpm_decode:lpm_decode_component|decode_h5h:auto_generated|dffe1a[2]   ; IPreg:inst|lpm_counter3:inst|lpm_counter:lpm_counter_component|cntr_n9j:auto_generated|safe_q[7]       ; clk        ; clk      ; None                        ; None                      ; 1.713 ns                ;
; N/A   ; Restricted to 500.00 MHz ( period = 2.000 ns ) ; ClkRouter:inst1|lpm_decode1:inst|lpm_decode:lpm_decode_component|decode_h5h:auto_generated|dffe1a[2]   ; IPreg:inst|lpm_counter3:inst|lpm_counter:lpm_counter_component|cntr_n9j:auto_generated|safe_q[6]       ; clk        ; clk      ; None                        ; None                      ; 1.713 ns                ;
; N/A   ; Restricted to 500.00 MHz ( period = 2.000 ns ) ; ClkRouter:inst1|lpm_decode1:inst|lpm_decode:lpm_decode_component|decode_h5h:auto_generated|dffe1a[2]   ; IPreg:inst|lpm_counter3:inst|lpm_counter:lpm_counter_component|cntr_n9j:auto_generated|safe_q[5]       ; clk        ; clk      ; None                        ; None                      ; 1.713 ns                ;
; N/A   ; Restricted to 500.00 MHz ( period = 2.000 ns ) ; ClkRouter:inst1|lpm_decode1:inst|lpm_decode:lpm_decode_component|decode_h5h:auto_generated|dffe1a[2]   ; IPreg:inst|lpm_counter3:inst|lpm_counter:lpm_counter_component|cntr_n9j:auto_generated|safe_q[4]       ; clk        ; clk      ; None                        ; None                      ; 1.713 ns                ;
; N/A   ; Restricted to 500.00 MHz ( period = 2.000 ns ) ; ClkRouter:inst1|lpm_decode1:inst|lpm_decode:lpm_decode_component|decode_h5h:auto_generated|dffe1a[2]   ; IPreg:inst|lpm_counter3:inst|lpm_counter:lpm_counter_component|cntr_n9j:auto_generated|safe_q[3]       ; clk        ; clk      ; None                        ; None                      ; 1.713 ns                ;
; N/A   ; Restricted to 500.00 MHz ( period = 2.000 ns ) ; ClkRouter:inst1|lpm_decode1:inst|lpm_decode:lpm_decode_component|decode_h5h:auto_generated|dffe1a[2]   ; IPreg:inst|lpm_counter3:inst|lpm_counter:lpm_counter_component|cntr_n9j:auto_generated|safe_q[2]       ; clk        ; clk      ; None                        ; None                      ; 1.713 ns                ;
; N/A   ; Restricted to 500.00 MHz ( period = 2.000 ns ) ; ClkRouter:inst1|lpm_decode1:inst|lpm_decode:lpm_decode_component|decode_h5h:auto_generated|dffe1a[2]   ; IPreg:inst|lpm_counter3:inst|lpm_counter:lpm_counter_component|cntr_n9j:auto_generated|safe_q[1]       ; clk        ; clk      ; None                        ; None                      ; 1.713 ns                ;
; N/A   ; Restricted to 500.00 MHz ( period = 2.000 ns ) ; ClkRouter:inst1|lpm_decode1:inst|lpm_decode:lpm_decode_component|decode_h5h:auto_generated|dffe1a[2]   ; IPreg:inst|lpm_counter3:inst|lpm_counter:lpm_counter_component|cntr_n9j:auto_generated|safe_q[0]       ; clk        ; clk      ; None                        ; None                      ; 1.713 ns                ;
; N/A   ; Restricted to 500.00 MHz ( period = 2.000 ns ) ; ClkRouter:inst1|lpm_counter6:inst3|lpm_counter:lpm_counter_component|cntr_olh:auto_generated|safe_q[0] ; ClkRouter:inst1|lpm_decode1:inst|lpm_decode:lpm_decode_component|decode_h5h:auto_generated|dffe1a[0]   ; clk        ; clk      ; None                        ; None                      ; 2.141 ns                ;
; N/A   ; Restricted to 500.00 MHz ( period = 2.000 ns ) ; ClkRouter:inst1|lpm_counter6:inst3|lpm_counter:lpm_counter_component|cntr_olh:auto_generated|safe_q[0] ; ClkRouter:inst1|lpm_decode1:inst|lpm_decode:lpm_decode_component|decode_h5h:auto_generated|dffe1a[1]   ; clk        ; clk      ; None                        ; None                      ; 2.139 ns                ;
; N/A   ; Restricted to 500.00 MHz ( period = 2.000 ns ) ; ClkRouter:inst1|lpm_counter6:inst3|lpm_counter:lpm_counter_component|cntr_olh:auto_generated|safe_q[1] ; ClkRouter:inst1|lpm_decode1:inst|lpm_decode:lpm_decode_component|decode_h5h:auto_generated|dffe1a[1]   ; clk        ; clk      ; None                        ; None                      ; 1.956 ns                ;
; N/A   ; Restricted to 500.00 MHz ( period = 2.000 ns ) ; ClkRouter:inst1|lpm_counter6:inst3|lpm_counter:lpm_counter_component|cntr_olh:auto_generated|safe_q[1] ; ClkRouter:inst1|lpm_decode1:inst|lpm_decode:lpm_decode_component|decode_h5h:auto_generated|dffe1a[0]   ; clk        ; clk      ; None                        ; None                      ; 1.953 ns                ;
; N/A   ; Restricted to 500.00 MHz ( period = 2.000 ns ) ; IPreg:inst|lpm_counter3:inst|lpm_counter:lpm_counter_component|cntr_n9j:auto_generated|safe_q[0]       ; IPreg:inst|lpm_counter3:inst|lpm_counter:lpm_counter_component|cntr_n9j:auto_generated|safe_q[7]       ; clk        ; clk      ; None                        ; None                      ; 0.890 ns                ;
; N/A   ; Restricted to 500.00 MHz ( period = 2.000 ns ) ; IPreg:inst|lpm_counter3:inst|lpm_counter:lpm_counter_component|cntr_n9j:auto_generated|safe_q[1]       ; IPreg:inst|lpm_counter3:inst|lpm_counter:lpm_counter_component|cntr_n9j:auto_generated|safe_q[7]       ; clk        ; clk      ; None                        ; None                      ; 0.855 ns                ;
; N/A   ; Restricted to 500.00 MHz ( period = 2.000 ns ) ; IPreg:inst|lpm_counter3:inst|lpm_counter:lpm_counter_component|cntr_n9j:auto_generated|safe_q[0]       ; IPreg:inst|lpm_counter3:inst|lpm_counter:lpm_counter_component|cntr_n9j:auto_generated|safe_q[6]       ; clk        ; clk      ; None                        ; None                      ; 0.855 ns                ;
; N/A   ; Restricted to 500.00 MHz ( period = 2.000 ns ) ; IPreg:inst|lpm_counter3:inst|lpm_counter:lpm_counter_component|cntr_n9j:auto_generated|safe_q[2]       ; IPreg:inst|lpm_counter3:inst|lpm_counter:lpm_counter_component|cntr_n9j:auto_generated|safe_q[7]       ; clk        ; clk      ; None                        ; None                      ; 0.820 ns                ;
; N/A   ; Restricted to 500.00 MHz ( period = 2.000 ns ) ; IPreg:inst|lpm_counter3:inst|lpm_counter:lpm_counter_component|cntr_n9j:auto_generated|safe_q[1]       ; IPreg:inst|lpm_counter3:inst|lpm_counter:lpm_counter_component|cntr_n9j:auto_generated|safe_q[6]       ; clk        ; clk      ; None                        ; None                      ; 0.820 ns                ;
; N/A   ; Restricted to 500.00 MHz ( period = 2.000 ns ) ; IPreg:inst|lpm_counter3:inst|lpm_counter:lpm_counter_component|cntr_n9j:auto_generated|safe_q[0]       ; IPreg:inst|lpm_counter3:inst|lpm_counter:lpm_counter_component|cntr_n9j:auto_generated|safe_q[5]       ; clk        ; clk      ; None                        ; None                      ; 0.820 ns                ;
; N/A   ; Restricted to 500.00 MHz ( period = 2.000 ns ) ; IPreg:inst|lpm_counter3:inst|lpm_counter:lpm_counter_component|cntr_n9j:auto_generated|safe_q[3]       ; IPreg:inst|lpm_counter3:inst|lpm_counter:lpm_counter_component|cntr_n9j:auto_generated|safe_q[7]       ; clk        ; clk      ; None                        ; None                      ; 0.785 ns                ;
; N/A   ; Restricted to 500.00 MHz ( period = 2.000 ns ) ; IPreg:inst|lpm_counter3:inst|lpm_counter:lpm_counter_component|cntr_n9j:auto_generated|safe_q[2]       ; IPreg:inst|lpm_counter3:inst|lpm_counter:lpm_counter_component|cntr_n9j:auto_generated|safe_q[6]       ; clk        ; clk      ; None                        ; None                      ; 0.785 ns                ;
; N/A   ; Restricted to 500.00 MHz ( period = 2.000 ns ) ; IPreg:inst|lpm_counter3:inst|lpm_counter:lpm_counter_component|cntr_n9j:auto_generated|safe_q[1]       ; IPreg:inst|lpm_counter3:inst|lpm_counter:lpm_counter_component|cntr_n9j:auto_generated|safe_q[5]       ; clk        ; clk      ; None                        ; None                      ; 0.785 ns                ;
; N/A   ; Restricted to 500.00 MHz ( period = 2.000 ns ) ; IPreg:inst|lpm_counter3:inst|lpm_counter:lpm_counter_component|cntr_n9j:auto_generated|safe_q[0]       ; IPreg:inst|lpm_counter3:inst|lpm_counter:lpm_counter_component|cntr_n9j:auto_generated|safe_q[4]       ; clk        ; clk      ; None                        ; None                      ; 0.785 ns                ;
; N/A   ; Restricted to 500.00 MHz ( period = 2.000 ns ) ; IPreg:inst|lpm_counter3:inst|lpm_counter:lpm_counter_component|cntr_n9j:auto_generated|safe_q[4]       ; IPreg:inst|lpm_counter3:inst|lpm_counter:lpm_counter_component|cntr_n9j:auto_generated|safe_q[7]       ; clk        ; clk      ; None                        ; None                      ; 0.750 ns                ;
; N/A   ; Restricted to 500.00 MHz ( period = 2.000 ns ) ; IPreg:inst|lpm_counter3:inst|lpm_counter:lpm_counter_component|cntr_n9j:auto_generated|safe_q[3]       ; IPreg:inst|lpm_counter3:inst|lpm_counter:lpm_counter_component|cntr_n9j:auto_generated|safe_q[6]       ; clk        ; clk      ; None                        ; None                      ; 0.750 ns                ;
; N/A   ; Restricted to 500.00 MHz ( period = 2.000 ns ) ; IPreg:inst|lpm_counter3:inst|lpm_counter:lpm_counter_component|cntr_n9j:auto_generated|safe_q[2]       ; IPreg:inst|lpm_counter3:inst|lpm_counter:lpm_counter_component|cntr_n9j:auto_generated|safe_q[5]       ; clk        ; clk      ; None                        ; None                      ; 0.750 ns                ;
; N/A   ; Restricted to 500.00 MHz ( period = 2.000 ns ) ; IPreg:inst|lpm_counter3:inst|lpm_counter:lpm_counter_component|cntr_n9j:auto_generated|safe_q[1]       ; IPreg:inst|lpm_counter3:inst|lpm_counter:lpm_counter_component|cntr_n9j:auto_generated|safe_q[4]       ; clk        ; clk      ; None                        ; None                      ; 0.750 ns                ;
; N/A   ; Restricted to 500.00 MHz ( period = 2.000 ns ) ; IPreg:inst|lpm_counter3:inst|lpm_counter:lpm_counter_component|cntr_n9j:auto_generated|safe_q[0]       ; IPreg:inst|lpm_counter3:inst|lpm_counter:lpm_counter_component|cntr_n9j:auto_generated|safe_q[3]       ; clk        ; clk      ; None                        ; None                      ; 0.750 ns                ;
; N/A   ; Restricted to 500.00 MHz ( period = 2.000 ns ) ; ClkRouter:inst1|lpm_counter6:inst3|lpm_counter:lpm_counter_component|cntr_olh:auto_generated|safe_q[0] ; ClkRouter:inst1|lpm_decode1:inst|lpm_decode:lpm_decode_component|decode_h5h:auto_generated|dffe1a[2]   ; clk        ; clk      ; None                        ; None                      ; 0.717 ns                ;
; N/A   ; Restricted to 500.00 MHz ( period = 2.000 ns ) ; IPreg:inst|lpm_counter3:inst|lpm_counter:lpm_counter_component|cntr_n9j:auto_generated|safe_q[5]       ; IPreg:inst|lpm_counter3:inst|lpm_counter:lpm_counter_component|cntr_n9j:auto_generated|safe_q[7]       ; clk        ; clk      ; None                        ; None                      ; 0.715 ns                ;
; N/A   ; Restricted to 500.00 MHz ( period = 2.000 ns ) ; IPreg:inst|lpm_counter3:inst|lpm_counter:lpm_counter_component|cntr_n9j:auto_generated|safe_q[4]       ; IPreg:inst|lpm_counter3:inst|lpm_counter:lpm_counter_component|cntr_n9j:auto_generated|safe_q[6]       ; clk        ; clk      ; None                        ; None                      ; 0.715 ns                ;
; N/A   ; Restricted to 500.00 MHz ( period = 2.000 ns ) ; IPreg:inst|lpm_counter3:inst|lpm_counter:lpm_counter_component|cntr_n9j:auto_generated|safe_q[3]       ; IPreg:inst|lpm_counter3:inst|lpm_counter:lpm_counter_component|cntr_n9j:auto_generated|safe_q[5]       ; clk        ; clk      ; None                        ; None                      ; 0.715 ns                ;
; N/A   ; Restricted to 500.00 MHz ( period = 2.000 ns ) ; IPreg:inst|lpm_counter3:inst|lpm_counter:lpm_counter_component|cntr_n9j:auto_generated|safe_q[2]       ; IPreg:inst|lpm_counter3:inst|lpm_counter:lpm_counter_component|cntr_n9j:auto_generated|safe_q[4]       ; clk        ; clk      ; None                        ; None                      ; 0.715 ns                ;
; N/A   ; Restricted to 500.00 MHz ( period = 2.000 ns ) ; IPreg:inst|lpm_counter3:inst|lpm_counter:lpm_counter_component|cntr_n9j:auto_generated|safe_q[1]       ; IPreg:inst|lpm_counter3:inst|lpm_counter:lpm_counter_component|cntr_n9j:auto_generated|safe_q[3]       ; clk        ; clk      ; None                        ; None                      ; 0.715 ns                ;
; N/A   ; Restricted to 500.00 MHz ( period = 2.000 ns ) ; IPreg:inst|lpm_counter3:inst|lpm_counter:lpm_counter_component|cntr_n9j:auto_generated|safe_q[0]       ; IPreg:inst|lpm_counter3:inst|lpm_counter:lpm_counter_component|cntr_n9j:auto_generated|safe_q[2]       ; clk        ; clk      ; None                        ; None                      ; 0.715 ns                ;
; N/A   ; Restricted to 500.00 MHz ( period = 2.000 ns ) ; IPreg:inst|lpm_counter3:inst|lpm_counter:lpm_counter_component|cntr_n9j:auto_generated|safe_q[6]       ; IPreg:inst|lpm_counter3:inst|lpm_counter:lpm_counter_component|cntr_n9j:auto_generated|safe_q[7]       ; clk        ; clk      ; None                        ; None                      ; 0.680 ns                ;
; N/A   ; Restricted to 500.00 MHz ( period = 2.000 ns ) ; IPreg:inst|lpm_counter3:inst|lpm_counter:lpm_counter_component|cntr_n9j:auto_generated|safe_q[5]       ; IPreg:inst|lpm_counter3:inst|lpm_counter:lpm_counter_component|cntr_n9j:auto_generated|safe_q[6]       ; clk        ; clk      ; None                        ; None                      ; 0.680 ns                ;
; N/A   ; Restricted to 500.00 MHz ( period = 2.000 ns ) ; IPreg:inst|lpm_counter3:inst|lpm_counter:lpm_counter_component|cntr_n9j:auto_generated|safe_q[4]       ; IPreg:inst|lpm_counter3:inst|lpm_counter:lpm_counter_component|cntr_n9j:auto_generated|safe_q[5]       ; clk        ; clk      ; None                        ; None                      ; 0.680 ns                ;
; N/A   ; Restricted to 500.00 MHz ( period = 2.000 ns ) ; ClkRouter:inst1|lpm_counter6:inst3|lpm_counter:lpm_counter_component|cntr_olh:auto_generated|safe_q[0] ; ClkRouter:inst1|lpm_counter6:inst3|lpm_counter:lpm_counter_component|cntr_olh:auto_generated|safe_q[1] ; clk        ; clk      ; None                        ; None                      ; 0.680 ns                ;
; N/A   ; Restricted to 500.00 MHz ( period = 2.000 ns ) ; IPreg:inst|lpm_counter3:inst|lpm_counter:lpm_counter_component|cntr_n9j:auto_generated|safe_q[3]       ; IPreg:inst|lpm_counter3:inst|lpm_counter:lpm_counter_component|cntr_n9j:auto_generated|safe_q[4]       ; clk        ; clk      ; None                        ; None                      ; 0.680 ns                ;
; N/A   ; Restricted to 500.00 MHz ( period = 2.000 ns ) ; IPreg:inst|lpm_counter3:inst|lpm_counter:lpm_counter_component|cntr_n9j:auto_generated|safe_q[2]       ; IPreg:inst|lpm_counter3:inst|lpm_counter:lpm_counter_component|cntr_n9j:auto_generated|safe_q[3]       ; clk        ; clk      ; None                        ; None                      ; 0.680 ns                ;
; N/A   ; Restricted to 500.00 MHz ( period = 2.000 ns ) ; IPreg:inst|lpm_counter3:inst|lpm_counter:lpm_counter_component|cntr_n9j:auto_generated|safe_q[1]       ; IPreg:inst|lpm_counter3:inst|lpm_counter:lpm_counter_component|cntr_n9j:auto_generated|safe_q[2]       ; clk        ; clk      ; None                        ; None                      ; 0.680 ns                ;
; N/A   ; Restricted to 500.00 MHz ( period = 2.000 ns ) ; IPreg:inst|lpm_counter3:inst|lpm_counter:lpm_counter_component|cntr_n9j:auto_generated|safe_q[0]       ; IPreg:inst|lpm_counter3:inst|lpm_counter:lpm_counter_component|cntr_n9j:auto_generated|safe_q[1]       ; clk        ; clk      ; None                        ; None                      ; 0.680 ns                ;
; N/A   ; Restricted to 500.00 MHz ( period = 2.000 ns ) ; IPreg:inst|lpm_counter3:inst|lpm_counter:lpm_counter_component|cntr_n9j:auto_generated|safe_q[7]       ; IPreg:inst|lpm_counter3:inst|lpm_counter:lpm_counter_component|cntr_n9j:auto_generated|safe_q[7]       ; clk        ; clk      ; None                        ; None                      ; 0.609 ns                ;
; N/A   ; Restricted to 500.00 MHz ( period = 2.000 ns ) ; IPreg:inst|lpm_counter3:inst|lpm_counter:lpm_counter_component|cntr_n9j:auto_generated|safe_q[6]       ; IPreg:inst|lpm_counter3:inst|lpm_counter:lpm_counter_component|cntr_n9j:auto_generated|safe_q[6]       ; clk        ; clk      ; None                        ; None                      ; 0.609 ns                ;
; N/A   ; Restricted to 500.00 MHz ( period = 2.000 ns ) ; IPreg:inst|lpm_counter3:inst|lpm_counter:lpm_counter_component|cntr_n9j:auto_generated|safe_q[5]       ; IPreg:inst|lpm_counter3:inst|lpm_counter:lpm_counter_component|cntr_n9j:auto_generated|safe_q[5]       ; clk        ; clk      ; None                        ; None                      ; 0.609 ns                ;
; N/A   ; Restricted to 500.00 MHz ( period = 2.000 ns ) ; ClkRouter:inst1|lpm_counter6:inst3|lpm_counter:lpm_counter_component|cntr_olh:auto_generated|safe_q[0] ; ClkRouter:inst1|lpm_counter6:inst3|lpm_counter:lpm_counter_component|cntr_olh:auto_generated|safe_q[0] ; clk        ; clk      ; None                        ; None                      ; 0.609 ns                ;
; N/A   ; Restricted to 500.00 MHz ( period = 2.000 ns ) ; ClkRouter:inst1|lpm_counter6:inst3|lpm_counter:lpm_counter_component|cntr_olh:auto_generated|safe_q[1] ; ClkRouter:inst1|lpm_counter6:inst3|lpm_counter:lpm_counter_component|cntr_olh:auto_generated|safe_q[1] ; clk        ; clk      ; None                        ; None                      ; 0.609 ns                ;
; N/A   ; Restricted to 500.00 MHz ( period = 2.000 ns ) ; IPreg:inst|lpm_counter3:inst|lpm_counter:lpm_counter_component|cntr_n9j:auto_generated|safe_q[4]       ; IPreg:inst|lpm_counter3:inst|lpm_counter:lpm_counter_component|cntr_n9j:auto_generated|safe_q[4]       ; clk        ; clk      ; None                        ; None                      ; 0.609 ns                ;
; N/A   ; Restricted to 500.00 MHz ( period = 2.000 ns ) ; IPreg:inst|lpm_counter3:inst|lpm_counter:lpm_counter_component|cntr_n9j:auto_generated|safe_q[3]       ; IPreg:inst|lpm_counter3:inst|lpm_counter:lpm_counter_component|cntr_n9j:auto_generated|safe_q[3]       ; clk        ; clk      ; None                        ; None                      ; 0.609 ns                ;
; N/A   ; Restricted to 500.00 MHz ( period = 2.000 ns ) ; IPreg:inst|lpm_counter3:inst|lpm_counter:lpm_counter_component|cntr_n9j:auto_generated|safe_q[2]       ; IPreg:inst|lpm_counter3:inst|lpm_counter:lpm_counter_component|cntr_n9j:auto_generated|safe_q[2]       ; clk        ; clk      ; None                        ; None                      ; 0.609 ns                ;
; N/A   ; Restricted to 500.00 MHz ( period = 2.000 ns ) ; IPreg:inst|lpm_counter3:inst|lpm_counter:lpm_counter_component|cntr_n9j:auto_generated|safe_q[1]       ; IPreg:inst|lpm_counter3:inst|lpm_counter:lpm_counter_component|cntr_n9j:auto_generated|safe_q[1]       ; clk        ; clk      ; None                        ; None                      ; 0.609 ns                ;
; N/A   ; Restricted to 500.00 MHz ( period = 2.000 ns ) ; IPreg:inst|lpm_counter3:inst|lpm_counter:lpm_counter_component|cntr_n9j:auto_generated|safe_q[0]       ; IPreg:inst|lpm_counter3:inst|lpm_counter:lpm_counter_component|cntr_n9j:auto_generated|safe_q[0]       ; clk        ; clk      ; None                        ; None                      ; 0.609 ns                ;
; N/A   ; Restricted to 500.00 MHz ( period = 2.000 ns ) ; ClkRouter:inst1|lpm_counter6:inst3|lpm_counter:lpm_counter_component|cntr_olh:auto_generated|safe_q[1] ; ClkRouter:inst1|lpm_decode1:inst|lpm_decode:lpm_decode_component|decode_h5h:auto_generated|dffe1a[2]   ; clk        ; clk      ; None                        ; None                      ; 0.568 ns                ;
+-------+------------------------------------------------+--------------------------------------------------------------------------------------------------------+--------------------------------------------------------------------------------------------------------+------------+----------+-----------------------------+---------------------------+-------------------------+


+------------------------------------------------------------------------------------------------------------------------------------+
; tsu                                                                                                                                ;
+-------+--------------+------------+---------------+---------------------------------------------------------------------+----------+
; Slack ; Required tsu ; Actual tsu ; From          ; To                                                                  ; To Clock ;
+-------+--------------+------------+---------------+---------------------------------------------------------------------+----------+
; N/A   ; None         ; 0.071 ns   ; MemoryData[0] ; CommandHandler:inst2|lpm_tff1:inst|lpm_ff:lpm_ff_component|dffs[0]  ; clk      ;
; N/A   ; None         ; 0.036 ns   ; MemoryData[6] ; CommandHandler:inst2|lpm_tff1:inst6|lpm_ff:lpm_ff_component|dffs[6] ; clk      ;
; N/A   ; None         ; -0.055 ns  ; MemoryData[6] ; CommandHandler:inst2|lpm_tff1:inst|lpm_ff:lpm_ff_component|dffs[6]  ; clk      ;
; N/A   ; None         ; -0.155 ns  ; MemoryData[5] ; CommandHandler:inst2|lpm_tff1:inst|lpm_ff:lpm_ff_component|dffs[5]  ; clk      ;
; N/A   ; None         ; -0.325 ns  ; MemoryData[5] ; CommandHandler:inst2|lpm_tff1:inst6|lpm_ff:lpm_ff_component|dffs[5] ; clk      ;
; N/A   ; None         ; -0.330 ns  ; MemoryData[1] ; CommandHandler:inst2|lpm_tff1:inst|lpm_ff:lpm_ff_component|dffs[1]  ; clk      ;
; N/A   ; None         ; -0.342 ns  ; MemoryData[0] ; CommandHandler:inst2|lpm_tff1:inst6|lpm_ff:lpm_ff_component|dffs[0] ; clk      ;
; N/A   ; None         ; -0.432 ns  ; MemoryData[1] ; CommandHandler:inst2|lpm_tff1:inst6|lpm_ff:lpm_ff_component|dffs[1] ; clk      ;
; N/A   ; None         ; -0.479 ns  ; MemoryData[2] ; CommandHandler:inst2|lpm_tff1:inst6|lpm_ff:lpm_ff_component|dffs[2] ; clk      ;
; N/A   ; None         ; -0.481 ns  ; MemoryData[4] ; CommandHandler:inst2|lpm_tff1:inst6|lpm_ff:lpm_ff_component|dffs[4] ; clk      ;
; N/A   ; None         ; -0.506 ns  ; MemoryData[4] ; CommandHandler:inst2|lpm_tff1:inst|lpm_ff:lpm_ff_component|dffs[4]  ; clk      ;
; N/A   ; None         ; -0.704 ns  ; MemoryData[7] ; CommandHandler:inst2|lpm_tff1:inst6|lpm_ff:lpm_ff_component|dffs[7] ; clk      ;
; N/A   ; None         ; -0.712 ns  ; MemoryData[2] ; CommandHandler:inst2|lpm_tff1:inst|lpm_ff:lpm_ff_component|dffs[2]  ; clk      ;
; N/A   ; None         ; -0.715 ns  ; MemoryData[7] ; CommandHandler:inst2|lpm_tff1:inst|lpm_ff:lpm_ff_component|dffs[7]  ; clk      ;
; N/A   ; None         ; -0.863 ns  ; MemoryData[3] ; CommandHandler:inst2|lpm_tff1:inst6|lpm_ff:lpm_ff_component|dffs[3] ; clk      ;
; N/A   ; None         ; -0.877 ns  ; MemoryData[3] ; CommandHandler:inst2|lpm_tff1:inst|lpm_ff:lpm_ff_component|dffs[3]  ; clk      ;
+-------+--------------+------------+---------------+---------------------------------------------------------------------+----------+


+------------------------------------------------------------------------------------------------------------------------------------------------------------------------+
; tco                                                                                                                                                                    ;
+-------+--------------+------------+------------------------------------------------------------------------------------------------------+----------------+------------+
; Slack ; Required tco ; Actual tco ; From                                                                                                 ; To             ; From Clock ;
+-------+--------------+------------+------------------------------------------------------------------------------------------------------+----------------+------------+
; N/A   ; None         ; 11.240 ns  ; CommandHandler:inst2|lpm_tff1:inst|lpm_ff:lpm_ff_component|dffs[7]                                   ; TestCommand[7] ; clk        ;
; N/A   ; None         ; 11.035 ns  ; CommandHandler:inst2|lpm_tff1:inst|lpm_ff:lpm_ff_component|dffs[0]                                   ; MemoryAddr[1]  ; clk        ;
; N/A   ; None         ; 11.019 ns  ; CommandHandler:inst2|lpm_tff1:inst|lpm_ff:lpm_ff_component|dffs[2]                                   ; MemoryAddr[1]  ; clk        ;
; N/A   ; None         ; 10.904 ns  ; CommandHandler:inst2|lpm_tff1:inst|lpm_ff:lpm_ff_component|dffs[1]                                   ; MemoryAddr[1]  ; clk        ;
; N/A   ; None         ; 10.566 ns  ; CommandHandler:inst2|lpm_tff1:inst|lpm_ff:lpm_ff_component|dffs[1]                                   ; RonClk         ; clk        ;
; N/A   ; None         ; 10.420 ns  ; CommandHandler:inst2|lpm_tff1:inst|lpm_ff:lpm_ff_component|dffs[2]                                   ; RonClk         ; clk        ;
; N/A   ; None         ; 10.405 ns  ; CommandHandler:inst2|lpm_tff1:inst|lpm_ff:lpm_ff_component|dffs[1]                                   ; MemoryAddr[2]  ; clk        ;
; N/A   ; None         ; 10.403 ns  ; CommandHandler:inst2|lpm_tff1:inst|lpm_ff:lpm_ff_component|dffs[0]                                   ; MemoryAddr[5]  ; clk        ;
; N/A   ; None         ; 10.400 ns  ; CommandHandler:inst2|lpm_tff1:inst|lpm_ff:lpm_ff_component|dffs[1]                                   ; MemoryAddr[0]  ; clk        ;
; N/A   ; None         ; 10.374 ns  ; CommandHandler:inst2|lpm_tff1:inst|lpm_ff:lpm_ff_component|dffs[0]                                   ; Test_JMP2      ; clk        ;
; N/A   ; None         ; 10.366 ns  ; CommandHandler:inst2|lpm_tff1:inst|lpm_ff:lpm_ff_component|dffs[2]                                   ; MemoryAddr[5]  ; clk        ;
; N/A   ; None         ; 10.285 ns  ; CommandHandler:inst2|lpm_tff1:inst|lpm_ff:lpm_ff_component|dffs[0]                                   ; MemoryAddr[2]  ; clk        ;
; N/A   ; None         ; 10.280 ns  ; CommandHandler:inst2|lpm_tff1:inst|lpm_ff:lpm_ff_component|dffs[0]                                   ; MemoryAddr[0]  ; clk        ;
; N/A   ; None         ; 10.277 ns  ; CommandHandler:inst2|lpm_tff1:inst|lpm_ff:lpm_ff_component|dffs[2]                                   ; MemoryAddr[2]  ; clk        ;
; N/A   ; None         ; 10.275 ns  ; CommandHandler:inst2|lpm_tff1:inst|lpm_ff:lpm_ff_component|dffs[2]                                   ; MemoryAddr[0]  ; clk        ;
; N/A   ; None         ; 10.265 ns  ; CommandHandler:inst2|lpm_tff1:inst6|lpm_ff:lpm_ff_component|dffs[1]                                  ; MemoryAddr[1]  ; clk        ;
; N/A   ; None         ; 10.222 ns  ; CommandHandler:inst2|lpm_tff1:inst|lpm_ff:lpm_ff_component|dffs[2]                                   ; Test_JMP2      ; clk        ;
; N/A   ; None         ; 10.218 ns  ; CommandHandler:inst2|lpm_tff1:inst|lpm_ff:lpm_ff_component|dffs[1]                                   ; Test_JMP2      ; clk        ;
; N/A   ; None         ; 10.138 ns  ; CommandHandler:inst2|lpm_tff1:inst|lpm_ff:lpm_ff_component|dffs[0]                                   ; RonClk         ; clk        ;
; N/A   ; None         ; 10.114 ns  ; CommandHandler:inst2|lpm_tff1:inst|lpm_ff:lpm_ff_component|dffs[0]                                   ; MemoryAddr[7]  ; clk        ;
; N/A   ; None         ; 10.111 ns  ; CommandHandler:inst2|lpm_tff1:inst|lpm_ff:lpm_ff_component|dffs[0]                                   ; MemoryAddr[3]  ; clk        ;
; N/A   ; None         ; 10.106 ns  ; CommandHandler:inst2|lpm_tff1:inst|lpm_ff:lpm_ff_component|dffs[6]                                   ; RonAddr[0]     ; clk        ;
; N/A   ; None         ; 10.101 ns  ; CommandHandler:inst2|lpm_tff1:inst|lpm_ff:lpm_ff_component|dffs[2]                                   ; MemoryAddr[7]  ; clk        ;
; N/A   ; None         ; 10.097 ns  ; CommandHandler:inst2|lpm_tff1:inst|lpm_ff:lpm_ff_component|dffs[1]                                   ; MemoryAddr[6]  ; clk        ;
; N/A   ; None         ; 10.087 ns  ; CommandHandler:inst2|lpm_tff1:inst|lpm_ff:lpm_ff_component|dffs[2]                                   ; MemoryAddr[3]  ; clk        ;
; N/A   ; None         ; 10.078 ns  ; CommandHandler:inst2|lpm_tff1:inst6|lpm_ff:lpm_ff_component|dffs[7]                                  ; TestData[7]    ; clk        ;
; N/A   ; None         ; 10.057 ns  ; CommandHandler:inst2|lpm_tff1:inst6|lpm_ff:lpm_ff_component|dffs[1]                                  ; TestData[1]    ; clk        ;
; N/A   ; None         ; 10.041 ns  ; CommandHandler:inst2|lpm_tff1:inst|lpm_ff:lpm_ff_component|dffs[0]                                   ; MemoryAddr[6]  ; clk        ;
; N/A   ; None         ; 10.039 ns  ; CommandHandler:inst2|lpm_tff1:inst|lpm_ff:lpm_ff_component|dffs[1]                                   ; MemoryAddr[4]  ; clk        ;
; N/A   ; None         ; 9.995 ns   ; CommandHandler:inst2|lpm_tff1:inst|lpm_ff:lpm_ff_component|dffs[2]                                   ; MemoryAddr[4]  ; clk        ;
; N/A   ; None         ; 9.988 ns   ; CommandHandler:inst2|lpm_tff1:inst|lpm_ff:lpm_ff_component|dffs[0]                                   ; MemoryAddr[4]  ; clk        ;
; N/A   ; None         ; 9.985 ns   ; CommandHandler:inst2|lpm_tff1:inst|lpm_ff:lpm_ff_component|dffs[1]                                   ; MemoryAddr[7]  ; clk        ;
; N/A   ; None         ; 9.979 ns   ; CommandHandler:inst2|lpm_tff1:inst|lpm_ff:lpm_ff_component|dffs[1]                                   ; MemoryAddr[3]  ; clk        ;
; N/A   ; None         ; 9.972 ns   ; CommandHandler:inst2|lpm_tff1:inst|lpm_ff:lpm_ff_component|dffs[1]                                   ; MemoryAddr[5]  ; clk        ;
; N/A   ; None         ; 9.823 ns   ; CommandHandler:inst2|lpm_tff1:inst|lpm_ff:lpm_ff_component|dffs[7]                                   ; RonAddr[1]     ; clk        ;
; N/A   ; None         ; 9.739 ns   ; CommandHandler:inst2|lpm_tff1:inst|lpm_ff:lpm_ff_component|dffs[1]                                   ; TestCommand[1] ; clk        ;
; N/A   ; None         ; 9.630 ns   ; CommandHandler:inst2|lpm_tff1:inst6|lpm_ff:lpm_ff_component|dffs[2]                                  ; MemoryAddr[2]  ; clk        ;
; N/A   ; None         ; 9.629 ns   ; CommandHandler:inst2|lpm_tff1:inst6|lpm_ff:lpm_ff_component|dffs[6]                                  ; MemoryAddr[6]  ; clk        ;
; N/A   ; None         ; 9.626 ns   ; CommandHandler:inst2|lpm_tff1:inst6|lpm_ff:lpm_ff_component|dffs[0]                                  ; MemoryAddr[0]  ; clk        ;
; N/A   ; None         ; 9.622 ns   ; CommandHandler:inst2|lpm_tff1:inst6|lpm_ff:lpm_ff_component|dffs[5]                                  ; MemoryAddr[5]  ; clk        ;
; N/A   ; None         ; 9.621 ns   ; CommandHandler:inst2|lpm_tff1:inst|lpm_ff:lpm_ff_component|dffs[2]                                   ; TestCommand[2] ; clk        ;
; N/A   ; None         ; 9.592 ns   ; CommandHandler:inst2|lpm_tff1:inst6|lpm_ff:lpm_ff_component|dffs[6]                                  ; TestData[6]    ; clk        ;
; N/A   ; None         ; 9.574 ns   ; CommandHandler:inst2|lpm_tff1:inst|lpm_ff:lpm_ff_component|dffs[6]                                   ; TestCommand[6] ; clk        ;
; N/A   ; None         ; 9.565 ns   ; CommandHandler:inst2|lpm_tff1:inst|lpm_ff:lpm_ff_component|dffs[0]                                   ; TestCommand[0] ; clk        ;
; N/A   ; None         ; 9.545 ns   ; CommandHandler:inst2|lpm_tff1:inst6|lpm_ff:lpm_ff_component|dffs[2]                                  ; TestData[2]    ; clk        ;
; N/A   ; None         ; 9.527 ns   ; CommandHandler:inst2|lpm_tff1:inst|lpm_ff:lpm_ff_component|dffs[2]                                   ; MemoryAddr[6]  ; clk        ;
; N/A   ; None         ; 9.498 ns   ; CommandHandler:inst2|lpm_tff1:inst6|lpm_ff:lpm_ff_component|dffs[5]                                  ; TestData[5]    ; clk        ;
; N/A   ; None         ; 9.414 ns   ; CommandHandler:inst2|lpm_tff1:inst|lpm_ff:lpm_ff_component|dffs[5]                                   ; TestCommand[5] ; clk        ;
; N/A   ; None         ; 9.354 ns   ; CommandHandler:inst2|lpm_tff1:inst|lpm_ff:lpm_ff_component|dffs[4]                                   ; TestCommand[4] ; clk        ;
; N/A   ; None         ; 9.347 ns   ; CommandHandler:inst2|lpm_tff1:inst6|lpm_ff:lpm_ff_component|dffs[7]                                  ; MemoryAddr[7]  ; clk        ;
; N/A   ; None         ; 9.342 ns   ; CommandHandler:inst2|lpm_tff1:inst6|lpm_ff:lpm_ff_component|dffs[4]                                  ; MemoryAddr[4]  ; clk        ;
; N/A   ; None         ; 9.335 ns   ; CommandHandler:inst2|lpm_tff1:inst6|lpm_ff:lpm_ff_component|dffs[3]                                  ; MemoryAddr[3]  ; clk        ;
; N/A   ; None         ; 9.286 ns   ; CommandHandler:inst2|lpm_tff1:inst6|lpm_ff:lpm_ff_component|dffs[4]                                  ; TestData[4]    ; clk        ;
; N/A   ; None         ; 9.269 ns   ; CommandHandler:inst2|lpm_tff1:inst6|lpm_ff:lpm_ff_component|dffs[0]                                  ; TestData[0]    ; clk        ;
; N/A   ; None         ; 9.228 ns   ; CommandHandler:inst2|lpm_tff1:inst6|lpm_ff:lpm_ff_component|dffs[3]                                  ; TestData[3]    ; clk        ;
; N/A   ; None         ; 9.153 ns   ; CommandHandler:inst2|lpm_tff1:inst|lpm_ff:lpm_ff_component|dffs[3]                                   ; TestCommand[3] ; clk        ;
; N/A   ; None         ; 7.619 ns   ; ClkRouter:inst1|lpm_decode1:inst|lpm_decode:lpm_decode_component|decode_h5h:auto_generated|dffe1a[2] ; COMCLK         ; clk        ;
; N/A   ; None         ; 7.053 ns   ; ClkRouter:inst1|lpm_decode1:inst|lpm_decode:lpm_decode_component|decode_h5h:auto_generated|dffe1a[2] ; Test_JMP2      ; clk        ;
; N/A   ; None         ; 7.050 ns   ; IPreg:inst|lpm_counter3:inst|lpm_counter:lpm_counter_component|cntr_n9j:auto_generated|safe_q[1]     ; MemoryAddr[1]  ; clk        ;
; N/A   ; None         ; 7.031 ns   ; ClkRouter:inst1|lpm_decode1:inst|lpm_decode:lpm_decode_component|decode_h5h:auto_generated|dffe1a[2] ; MemoryAddr[1]  ; clk        ;
; N/A   ; None         ; 6.757 ns   ; ClkRouter:inst1|lpm_decode1:inst|lpm_decode:lpm_decode_component|decode_h5h:auto_generated|dffe1a[2] ; MemoryAddr[2]  ; clk        ;
; N/A   ; None         ; 6.656 ns   ; ClkRouter:inst1|lpm_decode1:inst|lpm_decode:lpm_decode_component|decode_h5h:auto_generated|dffe1a[2] ; RonClk         ; clk        ;
; N/A   ; None         ; 6.650 ns   ; ClkRouter:inst1|lpm_decode1:inst|lpm_decode:lpm_decode_component|decode_h5h:auto_generated|dffe1a[2] ; MemoryAddr[5]  ; clk        ;
; N/A   ; None         ; 6.613 ns   ; ClkRouter:inst1|lpm_decode1:inst|lpm_decode:lpm_decode_component|decode_h5h:auto_generated|dffe1a[0] ; IPCLK[0]       ; clk        ;
; N/A   ; None         ; 6.551 ns   ; ClkRouter:inst1|lpm_decode1:inst|lpm_decode:lpm_decode_component|decode_h5h:auto_generated|dffe1a[1] ; IPCLK[1]       ; clk        ;
; N/A   ; None         ; 6.504 ns   ; IPreg:inst|lpm_counter3:inst|lpm_counter:lpm_counter_component|cntr_n9j:auto_generated|safe_q[0]     ; MemoryAddr[0]  ; clk        ;
; N/A   ; None         ; 6.497 ns   ; ClkRouter:inst1|lpm_decode1:inst|lpm_decode:lpm_decode_component|decode_h5h:auto_generated|dffe1a[2] ; MemoryAddr[6]  ; clk        ;
; N/A   ; None         ; 6.411 ns   ; IPreg:inst|lpm_counter3:inst|lpm_counter:lpm_counter_component|cntr_n9j:auto_generated|safe_q[5]     ; MemoryAddr[5]  ; clk        ;
; N/A   ; None         ; 6.401 ns   ; ClkRouter:inst1|lpm_decode1:inst|lpm_decode:lpm_decode_component|decode_h5h:auto_generated|dffe1a[2] ; MemoryAddr[0]  ; clk        ;
; N/A   ; None         ; 6.364 ns   ; ClkRouter:inst1|lpm_decode1:inst|lpm_decode:lpm_decode_component|decode_h5h:auto_generated|dffe1a[2] ; MemoryAddr[7]  ; clk        ;
; N/A   ; None         ; 6.299 ns   ; IPreg:inst|lpm_counter3:inst|lpm_counter:lpm_counter_component|cntr_n9j:auto_generated|safe_q[6]     ; MemoryAddr[6]  ; clk        ;
; N/A   ; None         ; 6.284 ns   ; IPreg:inst|lpm_counter3:inst|lpm_counter:lpm_counter_component|cntr_n9j:auto_generated|safe_q[4]     ; MemoryAddr[4]  ; clk        ;
; N/A   ; None         ; 6.156 ns   ; IPreg:inst|lpm_counter3:inst|lpm_counter:lpm_counter_component|cntr_n9j:auto_generated|safe_q[2]     ; MemoryAddr[2]  ; clk        ;
; N/A   ; None         ; 6.120 ns   ; IPreg:inst|lpm_counter3:inst|lpm_counter:lpm_counter_component|cntr_n9j:auto_generated|safe_q[3]     ; MemoryAddr[3]  ; clk        ;
; N/A   ; None         ; 6.111 ns   ; ClkRouter:inst1|lpm_decode1:inst|lpm_decode:lpm_decode_component|decode_h5h:auto_generated|dffe1a[2] ; MemoryAddr[4]  ; clk        ;
; N/A   ; None         ; 6.107 ns   ; ClkRouter:inst1|lpm_decode1:inst|lpm_decode:lpm_decode_component|decode_h5h:auto_generated|dffe1a[2] ; MemoryAddr[3]  ; clk        ;
; N/A   ; None         ; 5.875 ns   ; IPreg:inst|lpm_counter3:inst|lpm_counter:lpm_counter_component|cntr_n9j:auto_generated|safe_q[7]     ; MemoryAddr[7]  ; clk        ;
+-------+--------------+------------+------------------------------------------------------------------------------------------------------+----------------+------------+


+---------------------------------------------------------------------------+
; tpd                                                                       ;
+-------+-------------------+-----------------+----------+------------------+
; Slack ; Required P2P Time ; Actual P2P Time ; From     ; To               ;
+-------+-------------------+-----------------+----------+------------------+
; N/A   ; None              ; 7.367 ns        ; RonIN[0] ; MemoryDataOut[0] ;
; N/A   ; None              ; 7.266 ns        ; RonIN[3] ; MemoryDataOut[3] ;
; N/A   ; None              ; 7.215 ns        ; RonIN[6] ; MemoryDataOut[6] ;
; N/A   ; None              ; 7.065 ns        ; RonIN[5] ; MemoryDataOut[5] ;
; N/A   ; None              ; 7.048 ns        ; RonIN[2] ; MemoryDataOut[2] ;
; N/A   ; None              ; 7.043 ns        ; RonIN[1] ; MemoryDataOut[1] ;
; N/A   ; None              ; 6.956 ns        ; RonIN[7] ; MemoryDataOut[7] ;
; N/A   ; None              ; 6.644 ns        ; RonIN[4] ; MemoryDataOut[4] ;
+-------+-------------------+-----------------+----------+------------------+


+------------------------------------------------------------------------------------------------------------------------------------------+
; th                                                                                                                                       ;
+---------------+-------------+-----------+---------------+---------------------------------------------------------------------+----------+
; Minimum Slack ; Required th ; Actual th ; From          ; To                                                                  ; To Clock ;
+---------------+-------------+-----------+---------------+---------------------------------------------------------------------+----------+
; N/A           ; None        ; 1.116 ns  ; MemoryData[3] ; CommandHandler:inst2|lpm_tff1:inst|lpm_ff:lpm_ff_component|dffs[3]  ; clk      ;
; N/A           ; None        ; 1.102 ns  ; MemoryData[3] ; CommandHandler:inst2|lpm_tff1:inst6|lpm_ff:lpm_ff_component|dffs[3] ; clk      ;
; N/A           ; None        ; 0.954 ns  ; MemoryData[7] ; CommandHandler:inst2|lpm_tff1:inst|lpm_ff:lpm_ff_component|dffs[7]  ; clk      ;
; N/A           ; None        ; 0.951 ns  ; MemoryData[2] ; CommandHandler:inst2|lpm_tff1:inst|lpm_ff:lpm_ff_component|dffs[2]  ; clk      ;
; N/A           ; None        ; 0.943 ns  ; MemoryData[7] ; CommandHandler:inst2|lpm_tff1:inst6|lpm_ff:lpm_ff_component|dffs[7] ; clk      ;
; N/A           ; None        ; 0.745 ns  ; MemoryData[4] ; CommandHandler:inst2|lpm_tff1:inst|lpm_ff:lpm_ff_component|dffs[4]  ; clk      ;
; N/A           ; None        ; 0.720 ns  ; MemoryData[4] ; CommandHandler:inst2|lpm_tff1:inst6|lpm_ff:lpm_ff_component|dffs[4] ; clk      ;
; N/A           ; None        ; 0.718 ns  ; MemoryData[2] ; CommandHandler:inst2|lpm_tff1:inst6|lpm_ff:lpm_ff_component|dffs[2] ; clk      ;
; N/A           ; None        ; 0.671 ns  ; MemoryData[1] ; CommandHandler:inst2|lpm_tff1:inst6|lpm_ff:lpm_ff_component|dffs[1] ; clk      ;
; N/A           ; None        ; 0.581 ns  ; MemoryData[0] ; CommandHandler:inst2|lpm_tff1:inst6|lpm_ff:lpm_ff_component|dffs[0] ; clk      ;
; N/A           ; None        ; 0.569 ns  ; MemoryData[1] ; CommandHandler:inst2|lpm_tff1:inst|lpm_ff:lpm_ff_component|dffs[1]  ; clk      ;
; N/A           ; None        ; 0.564 ns  ; MemoryData[5] ; CommandHandler:inst2|lpm_tff1:inst6|lpm_ff:lpm_ff_component|dffs[5] ; clk      ;
; N/A           ; None        ; 0.394 ns  ; MemoryData[5] ; CommandHandler:inst2|lpm_tff1:inst|lpm_ff:lpm_ff_component|dffs[5]  ; clk      ;
; N/A           ; None        ; 0.294 ns  ; MemoryData[6] ; CommandHandler:inst2|lpm_tff1:inst|lpm_ff:lpm_ff_component|dffs[6]  ; clk      ;
; N/A           ; None        ; 0.203 ns  ; MemoryData[6] ; CommandHandler:inst2|lpm_tff1:inst6|lpm_ff:lpm_ff_component|dffs[6] ; clk      ;
; N/A           ; None        ; 0.168 ns  ; MemoryData[0] ; CommandHandler:inst2|lpm_tff1:inst|lpm_ff:lpm_ff_component|dffs[0]  ; clk      ;
+---------------+-------------+-----------+---------------+---------------------------------------------------------------------+----------+


+--------------------------+
; Timing Analyzer Messages ;
+--------------------------+
Info: *******************************************************************
Info: Running Quartus II Classic Timing Analyzer
    Info: Version 9.1 Build 222 10/21/2009 SJ Web Edition
    Info: Processing started: Mon Oct 07 12:42:32 2013
Info: Command: quartus_tan --read_settings_files=off --write_settings_files=off lab4 -c lab4 --timing_analysis_only
Warning: Found pins functioning as undefined clocks and/or memory enables
    Info: Assuming node "clk" is an undefined clock
Warning: Found 2 node(s) in clock paths which may be acting as ripple and/or gated clocks -- node(s) analyzed as buffer(s) resulting in clock skew
    Info: Detected ripple clock "ClkRouter:inst1|lpm_decode1:inst|lpm_decode:lpm_decode_component|decode_h5h:auto_generated|dffe1a[1]" as buffer
    Info: Detected ripple clock "ClkRouter:inst1|lpm_decode1:inst|lpm_decode:lpm_decode_component|decode_h5h:auto_generated|dffe1a[0]" as buffer
Info: Clock "clk" has Internal fmax of 186.29 MHz between source register "CommandHandler:inst2|lpm_tff1:inst|lpm_ff:lpm_ff_component|dffs[0]" and destination register "IPreg:inst|lpm_counter3:inst|lpm_counter:lpm_counter_component|cntr_n9j:auto_generated|safe_q[7]" (period= 5.368 ns)
    Info: + Longest register to register delay is 1.592 ns
        Info: 1: + IC(0.000 ns) + CELL(0.000 ns) = 0.000 ns; Loc. = LCFF_X7_Y13_N1; Fanout = 12; REG Node = 'CommandHandler:inst2|lpm_tff1:inst|lpm_ff:lpm_ff_component|dffs[0]'
        Info: 2: + IC(0.262 ns) + CELL(0.272 ns) = 0.534 ns; Loc. = LCCOMB_X7_Y13_N22; Fanout = 8; COMB Node = 'inst3'
        Info: 3: + IC(0.312 ns) + CELL(0.746 ns) = 1.592 ns; Loc. = LCFF_X6_Y13_N31; Fanout = 2; REG Node = 'IPreg:inst|lpm_counter3:inst|lpm_counter:lpm_counter_component|cntr_n9j:auto_generated|safe_q[7]'
        Info: Total cell delay = 1.018 ns ( 63.94 % )
        Info: Total interconnect delay = 0.574 ns ( 36.06 % )
    Info: - Smallest clock skew is -3.592 ns
        Info: + Shortest clock path from clock "clk" to destination register is 2.487 ns
            Info: 1: + IC(0.000 ns) + CELL(0.854 ns) = 0.854 ns; Loc. = PIN_N20; Fanout = 3; CLK Node = 'clk'
            Info: 2: + IC(0.343 ns) + CELL(0.000 ns) = 1.197 ns; Loc. = CLKCTRL_G3; Fanout = 11; COMB Node = 'clk~clkctrl'
            Info: 3: + IC(0.672 ns) + CELL(0.618 ns) = 2.487 ns; Loc. = LCFF_X6_Y13_N31; Fanout = 2; REG Node = 'IPreg:inst|lpm_counter3:inst|lpm_counter:lpm_counter_component|cntr_n9j:auto_generated|safe_q[7]'
            Info: Total cell delay = 1.472 ns ( 59.19 % )
            Info: Total interconnect delay = 1.015 ns ( 40.81 % )
        Info: - Longest clock path from clock "clk" to source register is 6.079 ns
            Info: 1: + IC(0.000 ns) + CELL(0.854 ns) = 0.854 ns; Loc. = PIN_N20; Fanout = 3; CLK Node = 'clk'
            Info: 2: + IC(1.636 ns) + CELL(0.712 ns) = 3.202 ns; Loc. = LCFF_X29_Y11_N15; Fanout = 3; REG Node = 'ClkRouter:inst1|lpm_decode1:inst|lpm_decode:lpm_decode_component|decode_h5h:auto_generated|dffe1a[0]'
            Info: 3: + IC(1.562 ns) + CELL(0.000 ns) = 4.764 ns; Loc. = CLKCTRL_G8; Fanout = 8; COMB Node = 'ClkRouter:inst1|lpm_decode1:inst|lpm_decode:lpm_decode_component|decode_h5h:auto_generated|dffe1a[0]~clkctrl'
            Info: 4: + IC(0.697 ns) + CELL(0.618 ns) = 6.079 ns; Loc. = LCFF_X7_Y13_N1; Fanout = 12; REG Node = 'CommandHandler:inst2|lpm_tff1:inst|lpm_ff:lpm_ff_component|dffs[0]'
            Info: Total cell delay = 2.184 ns ( 35.93 % )
            Info: Total interconnect delay = 3.895 ns ( 64.07 % )
    Info: + Micro clock to output delay of source is 0.094 ns
    Info: + Micro setup delay of destination is 0.090 ns
Info: tsu for register "CommandHandler:inst2|lpm_tff1:inst|lpm_ff:lpm_ff_component|dffs[0]" (data pin = "MemoryData[0]", clock pin = "clk") is 0.071 ns
    Info: + Longest pin to register delay is 6.060 ns
        Info: 1: + IC(0.000 ns) + CELL(0.810 ns) = 0.810 ns; Loc. = PIN_H20; Fanout = 2; PIN Node = 'MemoryData[0]'
        Info: 2: + IC(4.941 ns) + CELL(0.309 ns) = 6.060 ns; Loc. = LCFF_X7_Y13_N1; Fanout = 12; REG Node = 'CommandHandler:inst2|lpm_tff1:inst|lpm_ff:lpm_ff_component|dffs[0]'
        Info: Total cell delay = 1.119 ns ( 18.47 % )
        Info: Total interconnect delay = 4.941 ns ( 81.53 % )
    Info: + Micro setup delay of destination is 0.090 ns
    Info: - Shortest clock path from clock "clk" to destination register is 6.079 ns
        Info: 1: + IC(0.000 ns) + CELL(0.854 ns) = 0.854 ns; Loc. = PIN_N20; Fanout = 3; CLK Node = 'clk'
        Info: 2: + IC(1.636 ns) + CELL(0.712 ns) = 3.202 ns; Loc. = LCFF_X29_Y11_N15; Fanout = 3; REG Node = 'ClkRouter:inst1|lpm_decode1:inst|lpm_decode:lpm_decode_component|decode_h5h:auto_generated|dffe1a[0]'
        Info: 3: + IC(1.562 ns) + CELL(0.000 ns) = 4.764 ns; Loc. = CLKCTRL_G8; Fanout = 8; COMB Node = 'ClkRouter:inst1|lpm_decode1:inst|lpm_decode:lpm_decode_component|decode_h5h:auto_generated|dffe1a[0]~clkctrl'
        Info: 4: + IC(0.697 ns) + CELL(0.618 ns) = 6.079 ns; Loc. = LCFF_X7_Y13_N1; Fanout = 12; REG Node = 'CommandHandler:inst2|lpm_tff1:inst|lpm_ff:lpm_ff_component|dffs[0]'
        Info: Total cell delay = 2.184 ns ( 35.93 % )
        Info: Total interconnect delay = 3.895 ns ( 64.07 % )
Info: tco from clock "clk" to destination pin "TestCommand[7]" through register "CommandHandler:inst2|lpm_tff1:inst|lpm_ff:lpm_ff_component|dffs[7]" is 11.240 ns
    Info: + Longest clock path from clock "clk" to source register is 6.075 ns
        Info: 1: + IC(0.000 ns) + CELL(0.854 ns) = 0.854 ns; Loc. = PIN_N20; Fanout = 3; CLK Node = 'clk'
        Info: 2: + IC(1.636 ns) + CELL(0.712 ns) = 3.202 ns; Loc. = LCFF_X29_Y11_N15; Fanout = 3; REG Node = 'ClkRouter:inst1|lpm_decode1:inst|lpm_decode:lpm_decode_component|decode_h5h:auto_generated|dffe1a[0]'
        Info: 3: + IC(1.562 ns) + CELL(0.000 ns) = 4.764 ns; Loc. = CLKCTRL_G8; Fanout = 8; COMB Node = 'ClkRouter:inst1|lpm_decode1:inst|lpm_decode:lpm_decode_component|decode_h5h:auto_generated|dffe1a[0]~clkctrl'
        Info: 4: + IC(0.693 ns) + CELL(0.618 ns) = 6.075 ns; Loc. = LCFF_X5_Y13_N11; Fanout = 2; REG Node = 'CommandHandler:inst2|lpm_tff1:inst|lpm_ff:lpm_ff_component|dffs[7]'
        Info: Total cell delay = 2.184 ns ( 35.95 % )
        Info: Total interconnect delay = 3.891 ns ( 64.05 % )
    Info: + Micro clock to output delay of source is 0.094 ns
    Info: + Longest register to pin delay is 5.071 ns
        Info: 1: + IC(0.000 ns) + CELL(0.000 ns) = 0.000 ns; Loc. = LCFF_X5_Y13_N11; Fanout = 2; REG Node = 'CommandHandler:inst2|lpm_tff1:inst|lpm_ff:lpm_ff_component|dffs[7]'
        Info: 2: + IC(2.947 ns) + CELL(2.124 ns) = 5.071 ns; Loc. = PIN_J6; Fanout = 0; PIN Node = 'TestCommand[7]'
        Info: Total cell delay = 2.124 ns ( 41.89 % )
        Info: Total interconnect delay = 2.947 ns ( 58.11 % )
Info: Longest tpd from source pin "RonIN[0]" to destination pin "MemoryDataOut[0]" is 7.367 ns
    Info: 1: + IC(0.000 ns) + CELL(0.772 ns) = 0.772 ns; Loc. = PIN_AA9; Fanout = 1; PIN Node = 'RonIN[0]'
    Info: 2: + IC(4.613 ns) + CELL(1.982 ns) = 7.367 ns; Loc. = PIN_AA4; Fanout = 0; PIN Node = 'MemoryDataOut[0]'
    Info: Total cell delay = 2.754 ns ( 37.38 % )
    Info: Total interconnect delay = 4.613 ns ( 62.62 % )
Info: th for register "CommandHandler:inst2|lpm_tff1:inst|lpm_ff:lpm_ff_component|dffs[3]" (data pin = "MemoryData[3]", clock pin = "clk") is 1.116 ns
    Info: + Longest clock path from clock "clk" to destination register is 6.075 ns
        Info: 1: + IC(0.000 ns) + CELL(0.854 ns) = 0.854 ns; Loc. = PIN_N20; Fanout = 3; CLK Node = 'clk'
        Info: 2: + IC(1.636 ns) + CELL(0.712 ns) = 3.202 ns; Loc. = LCFF_X29_Y11_N15; Fanout = 3; REG Node = 'ClkRouter:inst1|lpm_decode1:inst|lpm_decode:lpm_decode_component|decode_h5h:auto_generated|dffe1a[0]'
        Info: 3: + IC(1.562 ns) + CELL(0.000 ns) = 4.764 ns; Loc. = CLKCTRL_G8; Fanout = 8; COMB Node = 'ClkRouter:inst1|lpm_decode1:inst|lpm_decode:lpm_decode_component|decode_h5h:auto_generated|dffe1a[0]~clkctrl'
        Info: 4: + IC(0.693 ns) + CELL(0.618 ns) = 6.075 ns; Loc. = LCFF_X5_Y13_N3; Fanout = 1; REG Node = 'CommandHandler:inst2|lpm_tff1:inst|lpm_ff:lpm_ff_component|dffs[3]'
        Info: Total cell delay = 2.184 ns ( 35.95 % )
        Info: Total interconnect delay = 3.891 ns ( 64.05 % )
    Info: + Micro hold delay of destination is 0.149 ns
    Info: - Shortest pin to register delay is 5.108 ns
        Info: 1: + IC(0.000 ns) + CELL(0.864 ns) = 0.864 ns; Loc. = PIN_M20; Fanout = 2; PIN Node = 'MemoryData[3]'
        Info: 2: + IC(3.935 ns) + CELL(0.309 ns) = 5.108 ns; Loc. = LCFF_X5_Y13_N3; Fanout = 1; REG Node = 'CommandHandler:inst2|lpm_tff1:inst|lpm_ff:lpm_ff_component|dffs[3]'
        Info: Total cell delay = 1.173 ns ( 22.96 % )
        Info: Total interconnect delay = 3.935 ns ( 77.04 % )
Info: Quartus II Classic Timing Analyzer was successful. 0 errors, 2 warnings
    Info: Peak virtual memory: 145 megabytes
    Info: Processing ended: Mon Oct 07 12:42:33 2013
    Info: Elapsed time: 00:00:01
    Info: Total CPU time (on all processors): 00:00:00


