Analysis & Synthesis report for lab4
Mon Oct 07 12:42:12 2013
Quartus II Version 9.1 Build 222 10/21/2009 SJ Web Edition


---------------------
; Table of Contents ;
---------------------
  1. Legal Notice
  2. Analysis & Synthesis Summary
  3. Analysis & Synthesis Settings
  4. Analysis & Synthesis Source Files Read
  5. Analysis & Synthesis Resource Usage Summary
  6. Analysis & Synthesis Resource Utilization by Entity
  7. General Register Statistics
  8. Source assignments for ClkRouter:inst1|lpm_counter6:inst3|lpm_counter:lpm_counter_component
  9. Source assignments for IPreg:inst|lpm_counter3:inst|lpm_counter:lpm_counter_component
 10. Parameter Settings for User Entity Instance: CommandDecoder:inst16|lpm_decode0:inst|lpm_decode:lpm_decode_component
 11. Parameter Settings for User Entity Instance: ClkRouter:inst1|lpm_decode1:inst|lpm_decode:lpm_decode_component
 12. Parameter Settings for User Entity Instance: ClkRouter:inst1|lpm_counter6:inst3|lpm_counter:lpm_counter_component
 13. Parameter Settings for User Entity Instance: CommandHandler:inst2|lpm_tff1:inst|lpm_ff:lpm_ff_component
 14. Parameter Settings for User Entity Instance: CommandHandler:inst2|lpm_tff1:inst6|lpm_ff:lpm_ff_component
 15. Parameter Settings for User Entity Instance: lpm_mux2:inst24|lpm_mux:lpm_mux_component
 16. Parameter Settings for User Entity Instance: IPreg:inst|lpm_counter3:inst|lpm_counter:lpm_counter_component
 17. Analysis & Synthesis Messages



----------------
; Legal Notice ;
----------------
Copyright (C) 1991-2009 Altera Corporation
Your use of Altera Corporation's design tools, logic functions 
and other software and tools, and its AMPP partner logic 
functions, and any output files from any of the foregoing 
(including device programming or simulation files), and any 
associated documentation or information are expressly subject 
to the terms and conditions of the Altera Program License 
Subscription Agreement, Altera MegaCore Function License 
Agreement, or other applicable license agreement, including, 
without limitation, that your use is for the sole purpose of 
programming logic devices manufactured by Altera and sold by 
Altera or its authorized distributors.  Please refer to the 
applicable agreement for further details.



+-------------------------------------------------------------------------+
; Analysis & Synthesis Summary                                            ;
+-------------------------------+-----------------------------------------+
; Analysis & Synthesis Status   ; Successful - Mon Oct 07 12:42:12 2013   ;
; Quartus II Version            ; 9.1 Build 222 10/21/2009 SJ Web Edition ;
; Revision Name                 ; lab4                                    ;
; Top-level Entity Name         ; control                                 ;
; Family                        ; Stratix II                              ;
; Logic utilization             ; N/A                                     ;
;     Combinational ALUTs       ; 24                                      ;
;     Dedicated logic registers ; 29                                      ;
; Total registers               ; 29                                      ;
; Total pins                    ; 58                                      ;
; Total virtual pins            ; 0                                       ;
; Total block memory bits       ; 0                                       ;
; DSP block 9-bit elements      ; 0                                       ;
; Total PLLs                    ; 0                                       ;
; Total DLLs                    ; 0                                       ;
+-------------------------------+-----------------------------------------+


+----------------------------------------------------------------------------------------------------------------------+
; Analysis & Synthesis Settings                                                                                        ;
+----------------------------------------------------------------------------+--------------------+--------------------+
; Option                                                                     ; Setting            ; Default Value      ;
+----------------------------------------------------------------------------+--------------------+--------------------+
; Top-level entity name                                                      ; control            ; lab4               ;
; Family name                                                                ; Stratix II         ; Stratix II         ;
; Use Generated Physical Constraints File                                    ; Off                ;                    ;
; Use smart compilation                                                      ; Off                ; Off                ;
; Enable parallel Assembler and TimeQuest Timing Analyzer during compilation ; On                 ; On                 ;
; Enable compact report table                                                ; Off                ; Off                ;
; Restructure Multiplexers                                                   ; Auto               ; Auto               ;
; Create Debugging Nodes for IP Cores                                        ; Off                ; Off                ;
; Preserve fewer node names                                                  ; On                 ; On                 ;
; Disable OpenCore Plus hardware evaluation                                  ; Off                ; Off                ;
; Verilog Version                                                            ; Verilog_2001       ; Verilog_2001       ;
; VHDL Version                                                               ; VHDL_1993          ; VHDL_1993          ;
; State Machine Processing                                                   ; Auto               ; Auto               ;
; Safe State Machine                                                         ; Off                ; Off                ;
; Extract Verilog State Machines                                             ; On                 ; On                 ;
; Extract VHDL State Machines                                                ; On                 ; On                 ;
; Ignore Verilog initial constructs                                          ; Off                ; Off                ;
; Iteration limit for constant Verilog loops                                 ; 5000               ; 5000               ;
; Iteration limit for non-constant Verilog loops                             ; 250                ; 250                ;
; Add Pass-Through Logic to Inferred RAMs                                    ; On                 ; On                 ;
; Parallel Synthesis                                                         ; On                 ; On                 ;
; DSP Block Balancing                                                        ; Auto               ; Auto               ;
; NOT Gate Push-Back                                                         ; On                 ; On                 ;
; Power-Up Don't Care                                                        ; On                 ; On                 ;
; Remove Redundant Logic Cells                                               ; Off                ; Off                ;
; Remove Duplicate Registers                                                 ; On                 ; On                 ;
; Ignore CARRY Buffers                                                       ; Off                ; Off                ;
; Ignore CASCADE Buffers                                                     ; Off                ; Off                ;
; Ignore GLOBAL Buffers                                                      ; Off                ; Off                ;
; Ignore ROW GLOBAL Buffers                                                  ; Off                ; Off                ;
; Ignore LCELL Buffers                                                       ; Off                ; Off                ;
; Ignore SOFT Buffers                                                        ; On                 ; On                 ;
; Limit AHDL Integers to 32 Bits                                             ; Off                ; Off                ;
; Optimization Technique                                                     ; Balanced           ; Balanced           ;
; Carry Chain Length                                                         ; 70                 ; 70                 ;
; Auto Carry Chains                                                          ; On                 ; On                 ;
; Auto Open-Drain Pins                                                       ; On                 ; On                 ;
; Perform WYSIWYG Primitive Resynthesis                                      ; Off                ; Off                ;
; Auto ROM Replacement                                                       ; On                 ; On                 ;
; Auto RAM Replacement                                                       ; On                 ; On                 ;
; Auto DSP Block Replacement                                                 ; On                 ; On                 ;
; Auto Shift Register Replacement                                            ; Auto               ; Auto               ;
; Auto Clock Enable Replacement                                              ; On                 ; On                 ;
; Strict RAM Replacement                                                     ; Off                ; Off                ;
; Allow Synchronous Control Signals                                          ; On                 ; On                 ;
; Force Use of Synchronous Clear Signals                                     ; Off                ; Off                ;
; Auto RAM Block Balancing                                                   ; On                 ; On                 ;
; Auto RAM to Logic Cell Conversion                                          ; Off                ; Off                ;
; Auto Resource Sharing                                                      ; Off                ; Off                ;
; Allow Any RAM Size For Recognition                                         ; Off                ; Off                ;
; Allow Any ROM Size For Recognition                                         ; Off                ; Off                ;
; Allow Any Shift Register Size For Recognition                              ; Off                ; Off                ;
; Use LogicLock Constraints during Resource Balancing                        ; On                 ; On                 ;
; Ignore translate_off and synthesis_off directives                          ; Off                ; Off                ;
; Timing-Driven Synthesis                                                    ; Off                ; Off                ;
; Show Parameter Settings Tables in Synthesis Report                         ; On                 ; On                 ;
; Ignore Maximum Fan-Out Assignments                                         ; Off                ; Off                ;
; Synchronization Register Chain Length                                      ; 2                  ; 2                  ;
; PowerPlay Power Optimization                                               ; Normal compilation ; Normal compilation ;
; HDL message level                                                          ; Level2             ; Level2             ;
; Suppress Register Optimization Related Messages                            ; Off                ; Off                ;
; Number of Removed Registers Reported in Synthesis Report                   ; 100                ; 100                ;
; Number of Inverted Registers Reported in Synthesis Report                  ; 100                ; 100                ;
; Clock MUX Protection                                                       ; On                 ; On                 ;
; Auto Gated Clock Conversion                                                ; Off                ; Off                ;
; Block Design Naming                                                        ; Auto               ; Auto               ;
; SDC constraint protection                                                  ; Off                ; Off                ;
; Synthesis Effort                                                           ; Auto               ; Auto               ;
; Shift Register Replacement - Allow Asynchronous Clear Signal               ; On                 ; On                 ;
; Analysis & Synthesis Message Level                                         ; Medium             ; Medium             ;
; Disable Register Merging Across Hierarchies                                ; Auto               ; Auto               ;
; Resource Aware Inference For Block RAM                                     ; On                 ; On                 ;
+----------------------------------------------------------------------------+--------------------+--------------------+


+------------------------------------------------------------------------------------------------------------------------------------------------------+
; Analysis & Synthesis Source Files Read                                                                                                               ;
+----------------------------------+-----------------+------------------------------------+------------------------------------------------------------+
; File Name with User-Entered Path ; Used in Netlist ; File Type                          ; File Name with Absolute Path                               ;
+----------------------------------+-----------------+------------------------------------+------------------------------------------------------------+
; control.bdf                      ; yes             ; User Block Diagram/Schematic File  ; D:/repositories/Sifo5/lab5/control.bdf                     ;
; IPreg.bdf                        ; yes             ; User Block Diagram/Schematic File  ; D:/repositories/Sifo5/lab5/IPreg.bdf                       ;
; BusConnector.bdf                 ; yes             ; User Block Diagram/Schematic File  ; D:/repositories/Sifo5/lab5/BusConnector.bdf                ;
; CommandHandler.bdf               ; yes             ; User Block Diagram/Schematic File  ; D:/repositories/Sifo5/lab5/CommandHandler.bdf              ;
; lpm_counter3.vhd                 ; yes             ; User Wizard-Generated File         ; D:/repositories/Sifo5/lab5/lpm_counter3.vhd                ;
; CommandDecoder.bdf               ; yes             ; User Block Diagram/Schematic File  ; D:/repositories/Sifo5/lab5/CommandDecoder.bdf              ;
; RtoM.bdf                         ; yes             ; User Block Diagram/Schematic File  ; D:/repositories/Sifo5/lab5/RtoM.bdf                        ;
; BusConnector2.bdf                ; yes             ; User Block Diagram/Schematic File  ; D:/repositories/Sifo5/lab5/BusConnector2.bdf               ;
; ClkRouter.bdf                    ; yes             ; User Block Diagram/Schematic File  ; D:/repositories/Sifo5/lab5/ClkRouter.bdf                   ;
; lpm_decode0.tdf                  ; yes             ; Auto-Found Wizard-Generated File   ; D:/repositories/Sifo5/lab5/lpm_decode0.tdf                 ;
; lpm_decode.inc                   ; yes             ; Megafunction                       ; d:/quartus/quartus/libraries/megafunctions/lpm_decode.inc  ;
; lpm_decode.tdf                   ; yes             ; Megafunction                       ; d:/quartus/quartus/libraries/megafunctions/lpm_decode.tdf  ;
; db/decode_u7f.tdf                ; yes             ; Auto-Generated Megafunction        ; D:/repositories/Sifo5/lab5/db/decode_u7f.tdf               ;
; lpm_decode1.tdf                  ; yes             ; Auto-Found Wizard-Generated File   ; D:/repositories/Sifo5/lab5/lpm_decode1.tdf                 ;
; db/decode_h5h.tdf                ; yes             ; Auto-Generated Megafunction        ; D:/repositories/Sifo5/lab5/db/decode_h5h.tdf               ;
; lpm_counter6.tdf                 ; yes             ; Auto-Found Wizard-Generated File   ; D:/repositories/Sifo5/lab5/lpm_counter6.tdf                ;
; lpm_counter.inc                  ; yes             ; Megafunction                       ; d:/quartus/quartus/libraries/megafunctions/lpm_counter.inc ;
; lpm_counter.tdf                  ; yes             ; Megafunction                       ; d:/quartus/quartus/libraries/megafunctions/lpm_counter.tdf ;
; db/cntr_olh.tdf                  ; yes             ; Auto-Generated Megafunction        ; D:/repositories/Sifo5/lab5/db/cntr_olh.tdf                 ;
; lpm_tff1.tdf                     ; yes             ; Auto-Found Wizard-Generated File   ; D:/repositories/Sifo5/lab5/lpm_tff1.tdf                    ;
; lpm_ff.inc                       ; yes             ; Auto-Found AHDL File               ; d:/quartus/quartus/libraries/megafunctions/lpm_ff.inc      ;
; lpm_ff.tdf                       ; yes             ; Megafunction                       ; d:/quartus/quartus/libraries/megafunctions/lpm_ff.tdf      ;
; lpm_mux2.tdf                     ; yes             ; Auto-Found Wizard-Generated File   ; D:/repositories/Sifo5/lab5/lpm_mux2.tdf                    ;
; lpm_mux.inc                      ; yes             ; Auto-Found AHDL File               ; d:/quartus/quartus/libraries/megafunctions/lpm_mux.inc     ;
; lpm_mux.tdf                      ; yes             ; Megafunction                       ; d:/quartus/quartus/libraries/megafunctions/lpm_mux.tdf     ;
; db/mux_unc.tdf                   ; yes             ; Auto-Generated Megafunction        ; D:/repositories/Sifo5/lab5/db/mux_unc.tdf                  ;
; db/cntr_n9j.tdf                  ; yes             ; Auto-Generated Megafunction        ; D:/repositories/Sifo5/lab5/db/cntr_n9j.tdf                 ;
+----------------------------------+-----------------+------------------------------------+------------------------------------------------------------+


+-------------------------------------------------------+
; Analysis & Synthesis Resource Usage Summary           ;
+-----------------------------------------------+-------+
; Resource                                      ; Usage ;
+-----------------------------------------------+-------+
; Estimated ALUTs Used                          ; 24    ;
; Dedicated logic registers                     ; 29    ;
;                                               ;       ;
; Estimated ALUTs Unavailable                   ; 0     ;
;                                               ;       ;
; Total combinational functions                 ; 24    ;
; Combinational ALUT usage by number of inputs  ;       ;
;     -- 7 input functions                      ; 0     ;
;     -- 6 input functions                      ; 9     ;
;     -- 5 input functions                      ; 0     ;
;     -- 4 input functions                      ; 2     ;
;     -- <=3 input functions                    ; 13    ;
;                                               ;       ;
; Combinational ALUTs by mode                   ;       ;
;     -- normal mode                            ; 14    ;
;     -- extended LUT mode                      ; 0     ;
;     -- arithmetic mode                        ; 10    ;
;     -- shared arithmetic mode                 ; 0     ;
;                                               ;       ;
; Estimated ALUT/register pairs used            ; 39    ;
;                                               ;       ;
; Total registers                               ; 29    ;
;     -- Dedicated logic registers              ; 29    ;
;     -- I/O registers                          ; 0     ;
;                                               ;       ;
; Estimated ALMs:  partially or completely used ; 20    ;
;                                               ;       ;
; I/O pins                                      ; 58    ;
; Maximum fan-out node                          ; clk   ;
; Maximum fan-out                               ; 13    ;
; Total fan-out                                 ; 207   ;
; Average fan-out                               ; 1.86  ;
+-----------------------------------------------+-------+


+---------------------------------------------------------------------------------------------------------------------------------------------------------------------------------------------------------------------------------------------------------------------------------------------------+
; Analysis & Synthesis Resource Utilization by Entity                                                                                                                                                                                                                                               ;
+----------------------------------------------+-------------------+--------------+-------------------+--------------+---------+-----------+-----------+------+--------------+-------------------------------------------------------------------------------------------------------+--------------+
; Compilation Hierarchy Node                   ; LC Combinationals ; LC Registers ; Block Memory Bits ; DSP Elements ; DSP 9x9 ; DSP 18x18 ; DSP 36x36 ; Pins ; Virtual Pins ; Full Hierarchy Name                                                                                   ; Library Name ;
+----------------------------------------------+-------------------+--------------+-------------------+--------------+---------+-----------+-----------+------+--------------+-------------------------------------------------------------------------------------------------------+--------------+
; |control                                     ; 24 (1)            ; 29 (0)       ; 0                 ; 0            ; 0       ; 0         ; 0         ; 58   ; 0            ; |control                                                                                              ; work         ;
;    |ClkRouter:inst1|                         ; 5 (0)             ; 5 (0)        ; 0                 ; 0            ; 0       ; 0         ; 0         ; 0    ; 0            ; |control|ClkRouter:inst1                                                                              ; work         ;
;       |lpm_counter6:inst3|                   ; 2 (0)             ; 2 (0)        ; 0                 ; 0            ; 0       ; 0         ; 0         ; 0    ; 0            ; |control|ClkRouter:inst1|lpm_counter6:inst3                                                           ; work         ;
;          |lpm_counter:lpm_counter_component| ; 2 (0)             ; 2 (0)        ; 0                 ; 0            ; 0       ; 0         ; 0         ; 0    ; 0            ; |control|ClkRouter:inst1|lpm_counter6:inst3|lpm_counter:lpm_counter_component                         ; work         ;
;             |cntr_olh:auto_generated|        ; 2 (2)             ; 2 (2)        ; 0                 ; 0            ; 0       ; 0         ; 0         ; 0    ; 0            ; |control|ClkRouter:inst1|lpm_counter6:inst3|lpm_counter:lpm_counter_component|cntr_olh:auto_generated ; work         ;
;       |lpm_decode1:inst|                     ; 3 (0)             ; 3 (0)        ; 0                 ; 0            ; 0       ; 0         ; 0         ; 0    ; 0            ; |control|ClkRouter:inst1|lpm_decode1:inst                                                             ; work         ;
;          |lpm_decode:lpm_decode_component|   ; 3 (0)             ; 3 (0)        ; 0                 ; 0            ; 0       ; 0         ; 0         ; 0    ; 0            ; |control|ClkRouter:inst1|lpm_decode1:inst|lpm_decode:lpm_decode_component                             ; work         ;
;             |decode_h5h:auto_generated|      ; 3 (3)             ; 3 (3)        ; 0                 ; 0            ; 0       ; 0         ; 0         ; 0    ; 0            ; |control|ClkRouter:inst1|lpm_decode1:inst|lpm_decode:lpm_decode_component|decode_h5h:auto_generated   ; work         ;
;    |CommandDecoder:inst16|                   ; 2 (2)             ; 0 (0)        ; 0                 ; 0            ; 0       ; 0         ; 0         ; 0    ; 0            ; |control|CommandDecoder:inst16                                                                        ; work         ;
;    |CommandHandler:inst2|                    ; 0 (0)             ; 16 (0)       ; 0                 ; 0            ; 0       ; 0         ; 0         ; 0    ; 0            ; |control|CommandHandler:inst2                                                                         ; work         ;
;       |lpm_tff1:inst6|                       ; 0 (0)             ; 8 (0)        ; 0                 ; 0            ; 0       ; 0         ; 0         ; 0    ; 0            ; |control|CommandHandler:inst2|lpm_tff1:inst6                                                          ; work         ;
;          |lpm_ff:lpm_ff_component|           ; 0 (0)             ; 8 (8)        ; 0                 ; 0            ; 0       ; 0         ; 0         ; 0    ; 0            ; |control|CommandHandler:inst2|lpm_tff1:inst6|lpm_ff:lpm_ff_component                                  ; work         ;
;       |lpm_tff1:inst|                        ; 0 (0)             ; 8 (0)        ; 0                 ; 0            ; 0       ; 0         ; 0         ; 0    ; 0            ; |control|CommandHandler:inst2|lpm_tff1:inst                                                           ; work         ;
;          |lpm_ff:lpm_ff_component|           ; 0 (0)             ; 8 (8)        ; 0                 ; 0            ; 0       ; 0         ; 0         ; 0    ; 0            ; |control|CommandHandler:inst2|lpm_tff1:inst|lpm_ff:lpm_ff_component                                   ; work         ;
;    |IPreg:inst|                              ; 8 (0)             ; 8 (0)        ; 0                 ; 0            ; 0       ; 0         ; 0         ; 0    ; 0            ; |control|IPreg:inst                                                                                   ; work         ;
;       |lpm_counter3:inst|                    ; 8 (0)             ; 8 (0)        ; 0                 ; 0            ; 0       ; 0         ; 0         ; 0    ; 0            ; |control|IPreg:inst|lpm_counter3:inst                                                                 ; work         ;
;          |lpm_counter:lpm_counter_component| ; 8 (0)             ; 8 (0)        ; 0                 ; 0            ; 0       ; 0         ; 0         ; 0    ; 0            ; |control|IPreg:inst|lpm_counter3:inst|lpm_counter:lpm_counter_component                               ; work         ;
;             |cntr_n9j:auto_generated|        ; 8 (8)             ; 8 (8)        ; 0                 ; 0            ; 0       ; 0         ; 0         ; 0    ; 0            ; |control|IPreg:inst|lpm_counter3:inst|lpm_counter:lpm_counter_component|cntr_n9j:auto_generated       ; work         ;
;    |lpm_mux2:inst24|                         ; 8 (0)             ; 0 (0)        ; 0                 ; 0            ; 0       ; 0         ; 0         ; 0    ; 0            ; |control|lpm_mux2:inst24                                                                              ; work         ;
;       |lpm_mux:lpm_mux_component|            ; 8 (0)             ; 0 (0)        ; 0                 ; 0            ; 0       ; 0         ; 0         ; 0    ; 0            ; |control|lpm_mux2:inst24|lpm_mux:lpm_mux_component                                                    ; work         ;
;          |mux_unc:auto_generated|            ; 8 (8)             ; 0 (0)        ; 0                 ; 0            ; 0       ; 0         ; 0         ; 0    ; 0            ; |control|lpm_mux2:inst24|lpm_mux:lpm_mux_component|mux_unc:auto_generated                             ; work         ;
+----------------------------------------------+-------------------+--------------+-------------------+--------------+---------+-----------+-----------+------+--------------+-------------------------------------------------------------------------------------------------------+--------------+
Note: For table entries with two numbers listed, the numbers in parentheses indicate the number of resources of the given type used by the specific entity alone. The numbers listed outside of parentheses indicate the total resources of the given type used by the specific entity and all of its sub-entities in the hierarchy.


+------------------------------------------------------+
; General Register Statistics                          ;
+----------------------------------------------+-------+
; Statistic                                    ; Value ;
+----------------------------------------------+-------+
; Total registers                              ; 29    ;
; Number of registers using Synchronous Clear  ; 0     ;
; Number of registers using Synchronous Load   ; 8     ;
; Number of registers using Asynchronous Clear ; 0     ;
; Number of registers using Asynchronous Load  ; 0     ;
; Number of registers using Clock Enable       ; 8     ;
; Number of registers using Preset             ; 0     ;
+----------------------------------------------+-------+


+---------------------------------------------------------------------------------------------+
; Source assignments for ClkRouter:inst1|lpm_counter6:inst3|lpm_counter:lpm_counter_component ;
+---------------------------+-------+------+--------------------------------------------------+
; Assignment                ; Value ; From ; To                                               ;
+---------------------------+-------+------+--------------------------------------------------+
; SUPPRESS_DA_RULE_INTERNAL ; a101  ; -    ; -                                                ;
; SUPPRESS_DA_RULE_INTERNAL ; s102  ; -    ; -                                                ;
; SUPPRESS_DA_RULE_INTERNAL ; s103  ; -    ; -                                                ;
+---------------------------+-------+------+--------------------------------------------------+


+---------------------------------------------------------------------------------------+
; Source assignments for IPreg:inst|lpm_counter3:inst|lpm_counter:lpm_counter_component ;
+---------------------------+-------+------+--------------------------------------------+
; Assignment                ; Value ; From ; To                                         ;
+---------------------------+-------+------+--------------------------------------------+
; SUPPRESS_DA_RULE_INTERNAL ; a101  ; -    ; -                                          ;
; SUPPRESS_DA_RULE_INTERNAL ; s102  ; -    ; -                                          ;
; SUPPRESS_DA_RULE_INTERNAL ; s103  ; -    ; -                                          ;
+---------------------------+-------+------+--------------------------------------------+


+---------------------------------------------------------------------------------------------------------------------+
; Parameter Settings for User Entity Instance: CommandDecoder:inst16|lpm_decode0:inst|lpm_decode:lpm_decode_component ;
+------------------------+------------+-------------------------------------------------------------------------------+
; Parameter Name         ; Value      ; Type                                                                          ;
+------------------------+------------+-------------------------------------------------------------------------------+
; LPM_WIDTH              ; 3          ; Untyped                                                                       ;
; LPM_DECODES            ; 8          ; Untyped                                                                       ;
; LPM_PIPELINE           ; 0          ; Untyped                                                                       ;
; CASCADE_CHAIN          ; MANUAL     ; Untyped                                                                       ;
; DEVICE_FAMILY          ; Stratix II ; Untyped                                                                       ;
; CBXI_PARAMETER         ; decode_u7f ; Untyped                                                                       ;
; AUTO_CARRY_CHAINS      ; ON         ; AUTO_CARRY                                                                    ;
; IGNORE_CARRY_BUFFERS   ; OFF        ; IGNORE_CARRY                                                                  ;
; AUTO_CASCADE_CHAINS    ; ON         ; AUTO_CASCADE                                                                  ;
; IGNORE_CASCADE_BUFFERS ; OFF        ; IGNORE_CASCADE                                                                ;
+------------------------+------------+-------------------------------------------------------------------------------+
Note: In order to hide this table in the UI and the text report file, please set the "Show Parameter Settings Tables in Synthesis Report" option in "Analysis and Synthesis Settings -> More Settings" to "Off".


+---------------------------------------------------------------------------------------------------------------+
; Parameter Settings for User Entity Instance: ClkRouter:inst1|lpm_decode1:inst|lpm_decode:lpm_decode_component ;
+------------------------+------------+-------------------------------------------------------------------------+
; Parameter Name         ; Value      ; Type                                                                    ;
+------------------------+------------+-------------------------------------------------------------------------+
; LPM_WIDTH              ; 2          ; Untyped                                                                 ;
; LPM_DECODES            ; 4          ; Untyped                                                                 ;
; LPM_PIPELINE           ; 1          ; Untyped                                                                 ;
; CASCADE_CHAIN          ; MANUAL     ; Untyped                                                                 ;
; DEVICE_FAMILY          ; Stratix II ; Untyped                                                                 ;
; CBXI_PARAMETER         ; decode_h5h ; Untyped                                                                 ;
; AUTO_CARRY_CHAINS      ; ON         ; AUTO_CARRY                                                              ;
; IGNORE_CARRY_BUFFERS   ; OFF        ; IGNORE_CARRY                                                            ;
; AUTO_CASCADE_CHAINS    ; ON         ; AUTO_CASCADE                                                            ;
; IGNORE_CASCADE_BUFFERS ; OFF        ; IGNORE_CASCADE                                                          ;
+------------------------+------------+-------------------------------------------------------------------------+
Note: In order to hide this table in the UI and the text report file, please set the "Show Parameter Settings Tables in Synthesis Report" option in "Analysis and Synthesis Settings -> More Settings" to "Off".


+-------------------------------------------------------------------------------------------------------------------+
; Parameter Settings for User Entity Instance: ClkRouter:inst1|lpm_counter6:inst3|lpm_counter:lpm_counter_component ;
+------------------------+-------------+----------------------------------------------------------------------------+
; Parameter Name         ; Value       ; Type                                                                       ;
+------------------------+-------------+----------------------------------------------------------------------------+
; AUTO_CARRY_CHAINS      ; ON          ; AUTO_CARRY                                                                 ;
; IGNORE_CARRY_BUFFERS   ; OFF         ; IGNORE_CARRY                                                               ;
; AUTO_CASCADE_CHAINS    ; ON          ; AUTO_CASCADE                                                               ;
; IGNORE_CASCADE_BUFFERS ; OFF         ; IGNORE_CASCADE                                                             ;
; LPM_WIDTH              ; 2           ; Untyped                                                                    ;
; LPM_DIRECTION          ; UP          ; Untyped                                                                    ;
; LPM_MODULUS            ; 0           ; Untyped                                                                    ;
; LPM_AVALUE             ; UNUSED      ; Untyped                                                                    ;
; LPM_SVALUE             ; UNUSED      ; Untyped                                                                    ;
; LPM_PORT_UPDOWN        ; PORT_UNUSED ; Untyped                                                                    ;
; DEVICE_FAMILY          ; Stratix II  ; Untyped                                                                    ;
; CARRY_CHAIN            ; MANUAL      ; Untyped                                                                    ;
; CARRY_CHAIN_LENGTH     ; 48          ; CARRY_CHAIN_LENGTH                                                         ;
; NOT_GATE_PUSH_BACK     ; ON          ; NOT_GATE_PUSH_BACK                                                         ;
; CARRY_CNT_EN           ; SMART       ; Untyped                                                                    ;
; LABWIDE_SCLR           ; ON          ; Untyped                                                                    ;
; USE_NEW_VERSION        ; TRUE        ; Untyped                                                                    ;
; CBXI_PARAMETER         ; cntr_olh    ; Untyped                                                                    ;
+------------------------+-------------+----------------------------------------------------------------------------+
Note: In order to hide this table in the UI and the text report file, please set the "Show Parameter Settings Tables in Synthesis Report" option in "Analysis and Synthesis Settings -> More Settings" to "Off".


+---------------------------------------------------------------------------------------------------------+
; Parameter Settings for User Entity Instance: CommandHandler:inst2|lpm_tff1:inst|lpm_ff:lpm_ff_component ;
+------------------------+------------+-------------------------------------------------------------------+
; Parameter Name         ; Value      ; Type                                                              ;
+------------------------+------------+-------------------------------------------------------------------+
; LPM_WIDTH              ; 8          ; Signed Integer                                                    ;
; LPM_AVALUE             ; UNUSED     ; Untyped                                                           ;
; LPM_SVALUE             ; UNUSED     ; Untyped                                                           ;
; LPM_FFTYPE             ; DFF        ; Untyped                                                           ;
; DEVICE_FAMILY          ; Stratix II ; Untyped                                                           ;
; CBXI_PARAMETER         ; NOTHING    ; Untyped                                                           ;
; AUTO_CARRY_CHAINS      ; ON         ; AUTO_CARRY                                                        ;
; IGNORE_CARRY_BUFFERS   ; OFF        ; IGNORE_CARRY                                                      ;
; AUTO_CASCADE_CHAINS    ; ON         ; AUTO_CASCADE                                                      ;
; IGNORE_CASCADE_BUFFERS ; OFF        ; IGNORE_CASCADE                                                    ;
+------------------------+------------+-------------------------------------------------------------------+
Note: In order to hide this table in the UI and the text report file, please set the "Show Parameter Settings Tables in Synthesis Report" option in "Analysis and Synthesis Settings -> More Settings" to "Off".


+----------------------------------------------------------------------------------------------------------+
; Parameter Settings for User Entity Instance: CommandHandler:inst2|lpm_tff1:inst6|lpm_ff:lpm_ff_component ;
+------------------------+------------+--------------------------------------------------------------------+
; Parameter Name         ; Value      ; Type                                                               ;
+------------------------+------------+--------------------------------------------------------------------+
; LPM_WIDTH              ; 8          ; Signed Integer                                                     ;
; LPM_AVALUE             ; UNUSED     ; Untyped                                                            ;
; LPM_SVALUE             ; UNUSED     ; Untyped                                                            ;
; LPM_FFTYPE             ; DFF        ; Untyped                                                            ;
; DEVICE_FAMILY          ; Stratix II ; Untyped                                                            ;
; CBXI_PARAMETER         ; NOTHING    ; Untyped                                                            ;
; AUTO_CARRY_CHAINS      ; ON         ; AUTO_CARRY                                                         ;
; IGNORE_CARRY_BUFFERS   ; OFF        ; IGNORE_CARRY                                                       ;
; AUTO_CASCADE_CHAINS    ; ON         ; AUTO_CASCADE                                                       ;
; IGNORE_CASCADE_BUFFERS ; OFF        ; IGNORE_CASCADE                                                     ;
+------------------------+------------+--------------------------------------------------------------------+
Note: In order to hide this table in the UI and the text report file, please set the "Show Parameter Settings Tables in Synthesis Report" option in "Analysis and Synthesis Settings -> More Settings" to "Off".


+----------------------------------------------------------------------------------------+
; Parameter Settings for User Entity Instance: lpm_mux2:inst24|lpm_mux:lpm_mux_component ;
+------------------------+------------+--------------------------------------------------+
; Parameter Name         ; Value      ; Type                                             ;
+------------------------+------------+--------------------------------------------------+
; AUTO_CARRY_CHAINS      ; ON         ; AUTO_CARRY                                       ;
; IGNORE_CARRY_BUFFERS   ; OFF        ; IGNORE_CARRY                                     ;
; AUTO_CASCADE_CHAINS    ; ON         ; AUTO_CASCADE                                     ;
; IGNORE_CASCADE_BUFFERS ; OFF        ; IGNORE_CASCADE                                   ;
; LPM_WIDTH              ; 8          ; Untyped                                          ;
; LPM_SIZE               ; 2          ; Untyped                                          ;
; LPM_WIDTHS             ; 1          ; Untyped                                          ;
; LPM_PIPELINE           ; 0          ; Untyped                                          ;
; CBXI_PARAMETER         ; mux_unc    ; Untyped                                          ;
; DEVICE_FAMILY          ; Stratix II ; Untyped                                          ;
+------------------------+------------+--------------------------------------------------+
Note: In order to hide this table in the UI and the text report file, please set the "Show Parameter Settings Tables in Synthesis Report" option in "Analysis and Synthesis Settings -> More Settings" to "Off".


+-------------------------------------------------------------------------------------------------------------+
; Parameter Settings for User Entity Instance: IPreg:inst|lpm_counter3:inst|lpm_counter:lpm_counter_component ;
+------------------------+-------------+----------------------------------------------------------------------+
; Parameter Name         ; Value       ; Type                                                                 ;
+------------------------+-------------+----------------------------------------------------------------------+
; AUTO_CARRY_CHAINS      ; ON          ; AUTO_CARRY                                                           ;
; IGNORE_CARRY_BUFFERS   ; OFF         ; IGNORE_CARRY                                                         ;
; AUTO_CASCADE_CHAINS    ; ON          ; AUTO_CASCADE                                                         ;
; IGNORE_CASCADE_BUFFERS ; OFF         ; IGNORE_CASCADE                                                       ;
; LPM_WIDTH              ; 8           ; Signed Integer                                                       ;
; LPM_DIRECTION          ; UP          ; Untyped                                                              ;
; LPM_MODULUS            ; 0           ; Untyped                                                              ;
; LPM_AVALUE             ; UNUSED      ; Untyped                                                              ;
; LPM_SVALUE             ; UNUSED      ; Untyped                                                              ;
; LPM_PORT_UPDOWN        ; PORT_UNUSED ; Untyped                                                              ;
; DEVICE_FAMILY          ; Stratix II  ; Untyped                                                              ;
; CARRY_CHAIN            ; MANUAL      ; Untyped                                                              ;
; CARRY_CHAIN_LENGTH     ; 48          ; CARRY_CHAIN_LENGTH                                                   ;
; NOT_GATE_PUSH_BACK     ; ON          ; NOT_GATE_PUSH_BACK                                                   ;
; CARRY_CNT_EN           ; SMART       ; Untyped                                                              ;
; LABWIDE_SCLR           ; ON          ; Untyped                                                              ;
; USE_NEW_VERSION        ; TRUE        ; Untyped                                                              ;
; CBXI_PARAMETER         ; cntr_n9j    ; Untyped                                                              ;
+------------------------+-------------+----------------------------------------------------------------------+
Note: In order to hide this table in the UI and the text report file, please set the "Show Parameter Settings Tables in Synthesis Report" option in "Analysis and Synthesis Settings -> More Settings" to "Off".


+-------------------------------+
; Analysis & Synthesis Messages ;
+-------------------------------+
Info: *******************************************************************
Info: Running Quartus II Analysis & Synthesis
    Info: Version 9.1 Build 222 10/21/2009 SJ Web Edition
    Info: Processing started: Mon Oct 07 12:42:08 2013
Info: Command: quartus_map --read_settings_files=on --write_settings_files=off lab4 -c lab4
Warning: Tcl Script File ../quartus1/lpm_shiftreg0.qip not found
    Info: set_global_assignment -name QIP_FILE ../quartus1/lpm_shiftreg0.qip
Info: Found 1 design units, including 1 entities, in source file memory.bdf
    Info: Found entity 1: memory
Info: Found 1 design units, including 1 entities, in source file main.bdf
    Info: Found entity 1: main
Info: Found 1 design units, including 1 entities, in source file control.bdf
    Info: Found entity 1: control
Info: Found 1 design units, including 1 entities, in source file ipreg.bdf
    Info: Found entity 1: IPreg
Info: Found 1 design units, including 1 entities, in source file ron.bdf
    Info: Found entity 1: Ron
Info: Found 1 design units, including 1 entities, in source file busconnector.bdf
    Info: Found entity 1: BusConnector
Info: Found 1 design units, including 1 entities, in source file commandhandler.bdf
    Info: Found entity 1: CommandHandler
Info: Found 1 design units, including 1 entities, in source file test.bdf
    Info: Found entity 1: Test
Info: Found 2 design units, including 1 entities, in source file lpm_counter0.vhd
    Info: Found design unit 1: lpm_counter0-SYN
    Info: Found entity 1: lpm_counter0
Info: Found 2 design units, including 1 entities, in source file lpm_counter1.vhd
    Info: Found design unit 1: lpm_counter1-SYN
    Info: Found entity 1: lpm_counter1
Info: Found 2 design units, including 1 entities, in source file lpm_counter2.vhd
    Info: Found design unit 1: lpm_counter2-SYN
    Info: Found entity 1: lpm_counter2
Info: Found 2 design units, including 1 entities, in source file lpm_mux0.vhd
    Info: Found design unit 1: lpm_mux0-SYN
    Info: Found entity 1: lpm_mux0
Info: Found 2 design units, including 1 entities, in source file lpm_bustri0.vhd
    Info: Found design unit 1: lpm_bustri0-SYN
    Info: Found entity 1: lpm_bustri0
Info: Found 2 design units, including 1 entities, in source file lpm_counter3.vhd
    Info: Found design unit 1: lpm_counter3-SYN
    Info: Found entity 1: lpm_counter3
Info: Found 2 design units, including 1 entities, in source file lpm_tff0.vhd
    Info: Found design unit 1: lpm_tff0-SYN
    Info: Found entity 1: lpm_tff0
Info: Found 1 design units, including 1 entities, in source file commanddecoder.bdf
    Info: Found entity 1: CommandDecoder
Info: Found 1 design units, including 1 entities, in source file rtom.bdf
    Info: Found entity 1: RtoM
Info: Found 1 design units, including 1 entities, in source file busconnector2.bdf
    Info: Found entity 1: BusConnector2
Info: Found 1 design units, including 1 entities, in source file clkrouter.bdf
    Info: Found entity 1: ClkRouter
Info: Elaborating entity "control" for the top level hierarchy
Info: Elaborating entity "RtoM" for hierarchy "RtoM:inst26"
Info: Elaborating entity "BusConnector2" for hierarchy "RtoM:inst26|BusConnector2:inst4"
Info: Elaborating entity "CommandDecoder" for hierarchy "CommandDecoder:inst16"
Warning: Using design file lpm_decode0.tdf, which is not specified as a design file for the current project, but contains definitions for 1 design units and 1 entities in project
    Info: Found entity 1: lpm_decode0
Info: Elaborating entity "lpm_decode0" for hierarchy "CommandDecoder:inst16|lpm_decode0:inst"
Info: Elaborating entity "lpm_decode" for hierarchy "CommandDecoder:inst16|lpm_decode0:inst|lpm_decode:lpm_decode_component"
Info: Elaborated megafunction instantiation "CommandDecoder:inst16|lpm_decode0:inst|lpm_decode:lpm_decode_component"
Info: Instantiated megafunction "CommandDecoder:inst16|lpm_decode0:inst|lpm_decode:lpm_decode_component" with the following parameter:
    Info: Parameter "LPM_TYPE" = "LPM_DECODE"
    Info: Parameter "LPM_WIDTH" = "3"
    Info: Parameter "LPM_DECODES" = "8"
Info: Found 1 design units, including 1 entities, in source file db/decode_u7f.tdf
    Info: Found entity 1: decode_u7f
Info: Elaborating entity "decode_u7f" for hierarchy "CommandDecoder:inst16|lpm_decode0:inst|lpm_decode:lpm_decode_component|decode_u7f:auto_generated"
Info: Elaborating entity "BusConnector" for hierarchy "CommandDecoder:inst16|BusConnector:inst5"
Info: Elaborating entity "ClkRouter" for hierarchy "ClkRouter:inst1"
Warning: Using design file lpm_decode1.tdf, which is not specified as a design file for the current project, but contains definitions for 1 design units and 1 entities in project
    Info: Found entity 1: lpm_decode1
Info: Elaborating entity "lpm_decode1" for hierarchy "ClkRouter:inst1|lpm_decode1:inst"
Info: Elaborating entity "lpm_decode" for hierarchy "ClkRouter:inst1|lpm_decode1:inst|lpm_decode:lpm_decode_component"
Info: Elaborated megafunction instantiation "ClkRouter:inst1|lpm_decode1:inst|lpm_decode:lpm_decode_component"
Info: Instantiated megafunction "ClkRouter:inst1|lpm_decode1:inst|lpm_decode:lpm_decode_component" with the following parameter:
    Info: Parameter "LPM_TYPE" = "LPM_DECODE"
    Info: Parameter "LPM_WIDTH" = "2"
    Info: Parameter "LPM_DECODES" = "4"
    Info: Parameter "LPM_PIPELINE" = "1"
Info: Found 1 design units, including 1 entities, in source file db/decode_h5h.tdf
    Info: Found entity 1: decode_h5h
Info: Elaborating entity "decode_h5h" for hierarchy "ClkRouter:inst1|lpm_decode1:inst|lpm_decode:lpm_decode_component|decode_h5h:auto_generated"
Warning: Using design file lpm_counter6.tdf, which is not specified as a design file for the current project, but contains definitions for 1 design units and 1 entities in project
    Info: Found entity 1: lpm_counter6
Info: Elaborating entity "lpm_counter6" for hierarchy "ClkRouter:inst1|lpm_counter6:inst3"
Info: Elaborating entity "lpm_counter" for hierarchy "ClkRouter:inst1|lpm_counter6:inst3|lpm_counter:lpm_counter_component"
Info: Elaborated megafunction instantiation "ClkRouter:inst1|lpm_counter6:inst3|lpm_counter:lpm_counter_component"
Info: Instantiated megafunction "ClkRouter:inst1|lpm_counter6:inst3|lpm_counter:lpm_counter_component" with the following parameter:
    Info: Parameter "LPM_TYPE" = "LPM_COUNTER"
    Info: Parameter "LPM_WIDTH" = "2"
    Info: Parameter "LPM_DIRECTION" = "UP"
    Info: Parameter "LPM_PORT_UPDOWN" = "PORT_UNUSED"
Info: Found 1 design units, including 1 entities, in source file db/cntr_olh.tdf
    Info: Found entity 1: cntr_olh
Info: Elaborating entity "cntr_olh" for hierarchy "ClkRouter:inst1|lpm_counter6:inst3|lpm_counter:lpm_counter_component|cntr_olh:auto_generated"
Info: Elaborating entity "CommandHandler" for hierarchy "CommandHandler:inst2"
Warning: Using design file lpm_tff1.tdf, which is not specified as a design file for the current project, but contains definitions for 1 design units and 1 entities in project
    Info: Found entity 1: lpm_tff1
Info: Elaborating entity "lpm_tff1" for hierarchy "CommandHandler:inst2|lpm_tff1:inst"
Info: Elaborating entity "lpm_ff" for hierarchy "CommandHandler:inst2|lpm_tff1:inst|lpm_ff:lpm_ff_component"
Info: Elaborated megafunction instantiation "CommandHandler:inst2|lpm_tff1:inst|lpm_ff:lpm_ff_component"
Info: Instantiated megafunction "CommandHandler:inst2|lpm_tff1:inst|lpm_ff:lpm_ff_component" with the following parameter:
    Info: Parameter "LPM_TYPE" = "LPM_FF"
    Info: Parameter "LPM_WIDTH" = "8"
    Info: Parameter "LPM_FFTYPE" = "DFF"
Warning: Using design file lpm_mux2.tdf, which is not specified as a design file for the current project, but contains definitions for 1 design units and 1 entities in project
    Info: Found entity 1: lpm_mux2
Info: Elaborating entity "lpm_mux2" for hierarchy "lpm_mux2:inst24"
Info: Elaborating entity "lpm_mux" for hierarchy "lpm_mux2:inst24|lpm_mux:lpm_mux_component"
Info: Elaborated megafunction instantiation "lpm_mux2:inst24|lpm_mux:lpm_mux_component"
Info: Instantiated megafunction "lpm_mux2:inst24|lpm_mux:lpm_mux_component" with the following parameter:
    Info: Parameter "LPM_TYPE" = "LPM_MUX"
    Info: Parameter "LPM_WIDTH" = "8"
    Info: Parameter "LPM_SIZE" = "2"
    Info: Parameter "LPM_WIDTHS" = "1"
Info: Found 1 design units, including 1 entities, in source file db/mux_unc.tdf
    Info: Found entity 1: mux_unc
Info: Elaborating entity "mux_unc" for hierarchy "lpm_mux2:inst24|lpm_mux:lpm_mux_component|mux_unc:auto_generated"
Info: Elaborating entity "IPreg" for hierarchy "IPreg:inst"
Info: Elaborating entity "lpm_counter3" for hierarchy "IPreg:inst|lpm_counter3:inst"
Info: Elaborating entity "lpm_counter" for hierarchy "IPreg:inst|lpm_counter3:inst|lpm_counter:lpm_counter_component"
Info: Elaborated megafunction instantiation "IPreg:inst|lpm_counter3:inst|lpm_counter:lpm_counter_component"
Info: Instantiated megafunction "IPreg:inst|lpm_counter3:inst|lpm_counter:lpm_counter_component" with the following parameter:
    Info: Parameter "lpm_direction" = "UP"
    Info: Parameter "lpm_port_updown" = "PORT_UNUSED"
    Info: Parameter "lpm_type" = "LPM_COUNTER"
    Info: Parameter "lpm_width" = "8"
Info: Found 1 design units, including 1 entities, in source file db/cntr_n9j.tdf
    Info: Found entity 1: cntr_n9j
Info: Elaborating entity "cntr_n9j" for hierarchy "IPreg:inst|lpm_counter3:inst|lpm_counter:lpm_counter_component|cntr_n9j:auto_generated"
Warning: Output pins are stuck at VCC or GND
    Warning (13410): Pin "Memory_R/W" is stuck at GND
    Warning (13410): Pin "Memory_Rom/Ram" is stuck at GND
Warning: Ignored assignments for entity "lab4" -- entity does not exist in design
    Warning: Assignment for entity set_global_assignment -name LL_ROOT_REGION ON -entity lab4 -section_id "Root Region" was ignored
    Warning: Assignment for entity set_global_assignment -name LL_MEMBER_STATE LOCKED -entity lab4 -section_id "Root Region" was ignored
Info: Implemented 98 device resources after synthesis - the final resource count might be different
    Info: Implemented 17 input pins
    Info: Implemented 41 output pins
    Info: Implemented 40 logic cells
Info: Quartus II Analysis & Synthesis was successful. 0 errors, 12 warnings
    Info: Peak virtual memory: 205 megabytes
    Info: Processing ended: Mon Oct 07 12:42:12 2013
    Info: Elapsed time: 00:00:04
    Info: Total CPU time (on all processors): 00:00:04


